#
# There is insufficient memory for the Java Runtime Environment to continue.
# Native memory allocation (malloc) failed to allocate 229616 bytes for Chunk::new
# Possible reasons:
#   The system is out of physical RAM or swap space
#   In 32 bit mode, the process size limit was hit
# Possible solutions:
#   Reduce memory load on the system
#   Increase physical memory or swap space
#   Check if swap backing store is full
#   Use 64 bit Java on a 64 bit OS
#   Decrease Java heap size (-Xmx/-Xms)
#   Decrease number of Java threads
#   Decrease Java thread stack sizes (-Xss)
#   Set larger code cache with -XX:ReservedCodeCacheSize=
# This output file may be truncated or incomplete.
#
#  Out of Memory Error (allocation.cpp:390), pid=6620, tid=3872
#
# JRE version: Java(TM) SE Runtime Environment (8.0_45-b15) (build 1.8.0_45-b15)
# Java VM: Java HotSpot(TM) 64-Bit Server VM (25.45-b02 mixed mode windows-amd64 compressed oops)
# Failed to write core dump. Minidumps are not enabled by default on client versions of Windows
#

---------------  T H R E A D  ---------------

Current thread (0x00000000149fe800):  JavaThread "C2 CompilerThread1" daemon [_thread_in_native, id=3872, stack(0x0000000016430000,0x0000000016530000)]

Stack: [0x0000000016430000,0x0000000016530000]
Native frames: (J=compiled Java code, j=interpreted, Vv=VM code, C=native code)
V  [jvm.dll+0x32b57a]


Current CompileTask:
C2:  11508 3377       4       com.android.dex.Dex$Section::readCode (136 bytes)


---------------  P R O C E S S  ---------------

Java Threads: ( => current thread )
  0x0000000015dc6000 JavaThread "Service Thread" daemon [_thread_blocked, id=6436, stack(0x0000000016630000,0x0000000016730000)]
  0x0000000014a0d800 JavaThread "C1 CompilerThread2" daemon [_thread_blocked, id=7752, stack(0x0000000016530000,0x0000000016630000)]
=>0x00000000149fe800 JavaThread "C2 CompilerThread1" daemon [_thread_in_native, id=3872, stack(0x0000000016430000,0x0000000016530000)]
  0x0000000015d73800 JavaThread "C2 CompilerThread0" daemon [_thread_in_native, id=1196, stack(0x0000000016330000,0x0000000016430000)]
  0x00000000149fc800 JavaThread "Attach Listener" daemon [_thread_blocked, id=7328, stack(0x0000000016230000,0x0000000016330000)]
  0x00000000149dc000 JavaThread "Signal Dispatcher" daemon [_thread_blocked, id=5216, stack(0x0000000016130000,0x0000000016230000)]
  0x000000000230a800 JavaThread "Finalizer" daemon [_thread_blocked, id=5956, stack(0x0000000015c30000,0x0000000015d30000)]
  0x0000000002302000 JavaThread "Reference Handler" daemon [_thread_blocked, id=6912, stack(0x0000000015b30000,0x0000000015c30000)]
  0x0000000002214000 JavaThread "main" [_thread_in_Java, id=4908, stack(0x0000000002110000,0x0000000002210000)]

Other Threads:
  0x00000000149a7000 VMThread [stack: 0x0000000015a30000,0x0000000015b30000] [id=8284]
  0x0000000015dd9000 WatcherThread [stack: 0x0000000016730000,0x0000000016830000] [id=8780]

VM state:not at safepoint (normal execution)

VM Mutex/Monitor currently owned by a thread: None

Heap:
 PSYoungGen      total 72704K, used 36900K [0x00000000eab00000, 0x00000000efd00000, 0x0000000100000000)
  eden space 64512K, 57% used [0x00000000eab00000,0x00000000ecf09298,0x00000000eea00000)
  from space 8192K, 0% used [0x00000000ef300000,0x00000000ef300000,0x00000000efb00000)
  to   space 9216K, 0% used [0x00000000eea00000,0x00000000eea00000,0x00000000ef300000)
 ParOldGen       total 112128K, used 49394K [0x00000000c0000000, 0x00000000c6d80000, 0x00000000eab00000)
  object space 112128K, 44% used [0x00000000c0000000,0x00000000c303c9a0,0x00000000c6d80000)
 Metaspace       used 8065K, capacity 8420K, committed 8576K, reserved 1056768K
  class space    used 757K, capacity 788K, committed 896K, reserved 1048576K

Card table byte_map: [0x00000000116d0000,0x00000000118e0000] byte_map_base: 0x00000000110d0000

Marking Bits: (ParMarkBitMap*) 0x0000000063844040
 Begin Bits: [0x0000000011e40000, 0x0000000012e40000)
 End Bits:   [0x0000000012e40000, 0x0000000013e40000)

Polling page: 0x00000000004d0000

CodeCache: size=245760Kb used=10979Kb max_used=10979Kb free=234780Kb
 bounds [0x0000000002310000, 0x0000000002de0000, 0x0000000011310000]
 total_blobs=3270 nmethods=2978 adapters=204
 compilation: enabled

Compilation events (10 events):
Event: 11.482 Thread 0x0000000014a0d800 3407       2       java.util.regex.Pattern$GroupHead::match (47 bytes)
Event: 11.483 Thread 0x0000000014a0d800 nmethod 3407 0x0000000002dd1ed0 code [0x0000000002dd2040, 0x0000000002dd2248]
Event: 11.483 Thread 0x0000000014a0d800 3408       2       java.util.regex.Matcher::group (112 bytes)
Event: 11.484 Thread 0x0000000014a0d800 nmethod 3408 0x0000000002dd2410 code [0x0000000002dd2600, 0x0000000002dd2ba8]
Event: 11.484 Thread 0x0000000014a0d800 3409       2       java.util.regex.Matcher::groupCount (10 bytes)
Event: 11.484 Thread 0x0000000014a0d800 nmethod 3409 0x0000000002dd2f90 code [0x0000000002dd30e0, 0x0000000002dd3230]
Event: 11.492 Thread 0x0000000014a0d800 3410       2       com.android.dex.TableOfContents$Section::exists (13 bytes)
Event: 11.492 Thread 0x0000000014a0d800 nmethod 3410 0x0000000002dd32d0 code [0x0000000002dd3420, 0x0000000002dd3590]
Event: 11.495 Thread 0x0000000014a0d800 3411       2       java.util.TimSort::mergeCollapse (101 bytes)
Event: 11.495 Thread 0x0000000014a0d800 nmethod 3411 0x0000000002dd3610 code [0x0000000002dd37a0, 0x0000000002dd3a78]

GC Heap History (10 events):
Event: 7.217 GC heap before
{Heap before GC invocations=10 (full 1):
 PSYoungGen      total 72704K, used 64512K [0x00000000eab00000, 0x00000000efd00000, 0x0000000100000000)
  eden space 64512K, 100% used [0x00000000eab00000,0x00000000eea00000,0x00000000eea00000)
  from space 8192K, 0% used [0x00000000ef300000,0x00000000ef300000,0x00000000efb00000)
  to   space 9216K, 0% used [0x00000000eea00000,0x00000000eea00000,0x00000000ef300000)
 ParOldGen       total 79872K, used 41468K [0x00000000c0000000, 0x00000000c4e00000, 0x00000000eab00000)
  object space 79872K, 51% used [0x00000000c0000000,0x00000000c287f128,0x00000000c4e00000)
 Metaspace       used 5950K, capacity 7152K, committed 7296K, reserved 1056768K
  class space    used 561K, capacity 616K, committed 640K, reserved 1048576K
Event: 7.232 GC heap after
Heap after GC invocations=10 (full 1):
 PSYoungGen      total 73728K, used 9216K [0x00000000eab00000, 0x00000000efd00000, 0x0000000100000000)
  eden space 64512K, 0% used [0x00000000eab00000,0x00000000eab00000,0x00000000eea00000)
  from space 9216K, 100% used [0x00000000eea00000,0x00000000ef300000,0x00000000ef300000)
  to   space 8192K, 0% used [0x00000000ef300000,0x00000000ef300000,0x00000000efb00000)
 ParOldGen       total 79872K, used 42016K [0x00000000c0000000, 0x00000000c4e00000, 0x00000000eab00000)
  object space 79872K, 52% used [0x00000000c0000000,0x00000000c29081b8,0x00000000c4e00000)
 Metaspace       used 5950K, capacity 7152K, committed 7296K, reserved 1056768K
  class space    used 561K, capacity 616K, committed 640K, reserved 1048576K
}
Event: 8.264 GC heap before
{Heap before GC invocations=11 (full 1):
 PSYoungGen      total 73728K, used 73728K [0x00000000eab00000, 0x00000000efd00000, 0x0000000100000000)
  eden space 64512K, 100% used [0x00000000eab00000,0x00000000eea00000,0x00000000eea00000)
  from space 9216K, 100% used [0x00000000eea00000,0x00000000ef300000,0x00000000ef300000)
  to   space 8192K, 0% used [0x00000000ef300000,0x00000000ef300000,0x00000000efb00000)
 ParOldGen       total 79872K, used 42016K [0x00000000c0000000, 0x00000000c4e00000, 0x00000000eab00000)
  object space 79872K, 52% used [0x00000000c0000000,0x00000000c29081b8,0x00000000c4e00000)
 Metaspace       used 5955K, capacity 7152K, committed 7296K, reserved 1056768K
  class space    used 561K, capacity 616K, committed 640K, reserved 1048576K
Event: 8.302 GC heap after
Heap after GC invocations=11 (full 1):
 PSYoungGen      total 72704K, used 8180K [0x00000000eab00000, 0x00000000efd00000, 0x0000000100000000)
  eden space 64512K, 0% used [0x00000000eab00000,0x00000000eab00000,0x00000000eea00000)
  from space 8192K, 99% used [0x00000000ef300000,0x00000000efafd1e0,0x00000000efb00000)
  to   space 9216K, 0% used [0x00000000eea00000,0x00000000eea00000,0x00000000ef300000)
 ParOldGen       total 79872K, used 52991K [0x00000000c0000000, 0x00000000c4e00000, 0x00000000eab00000)
  object space 79872K, 66% used [0x00000000c0000000,0x00000000c33bfda0,0x00000000c4e00000)
 Metaspace       used 5955K, capacity 7152K, committed 7296K, reserved 1056768K
  class space    used 561K, capacity 616K, committed 640K, reserved 1048576K
}
Event: 9.888 GC heap before
{Heap before GC invocations=12 (full 1):
 PSYoungGen      total 72704K, used 72692K [0x00000000eab00000, 0x00000000efd00000, 0x0000000100000000)
  eden space 64512K, 100% used [0x00000000eab00000,0x00000000eea00000,0x00000000eea00000)
  from space 8192K, 99% used [0x00000000ef300000,0x00000000efafd1e0,0x00000000efb00000)
  to   space 9216K, 0% used [0x00000000eea00000,0x00000000eea00000,0x00000000ef300000)
 ParOldGen       total 79872K, used 52991K [0x00000000c0000000, 0x00000000c4e00000, 0x00000000eab00000)
  object space 79872K, 66% used [0x00000000c0000000,0x00000000c33bfda0,0x00000000c4e00000)
 Metaspace       used 6333K, capacity 7408K, committed 7552K, reserved 1056768K
  class space    used 580K, capacity 616K, committed 640K, reserved 1048576K
Event: 9.912 GC heap after
Heap after GC invocations=12 (full 1):
 PSYoungGen      total 73728K, used 9197K [0x00000000eab00000, 0x00000000efd00000, 0x0000000100000000)
  eden space 64512K, 0% used [0x00000000eab00000,0x00000000eab00000,0x00000000eea00000)
  from space 9216K, 99% used [0x00000000eea00000,0x00000000ef2fb648,0x00000000ef300000)
  to   space 8192K, 0% used [0x00000000ef300000,0x00000000ef300000,0x00000000efb00000)
 ParOldGen       total 79872K, used 64022K [0x00000000c0000000, 0x00000000c4e00000, 0x00000000eab00000)
  object space 79872K, 80% used [0x00000000c0000000,0x00000000c3e85bb8,0x00000000c4e00000)
 Metaspace       used 6333K, capacity 7408K, committed 7552K, reserved 1056768K
  class space    used 580K, capacity 616K, committed 640K, reserved 1048576K
}
Event: 11.009 GC heap before
{Heap before GC invocations=13 (full 1):
 PSYoungGen      total 73728K, used 73709K [0x00000000eab00000, 0x00000000efd00000, 0x0000000100000000)
  eden space 64512K, 100% used [0x00000000eab00000,0x00000000eea00000,0x00000000eea00000)
  from space 9216K, 99% used [0x00000000eea00000,0x00000000ef2fb648,0x00000000ef300000)
  to   space 8192K, 0% used [0x00000000ef300000,0x00000000ef300000,0x00000000efb00000)
 ParOldGen       total 79872K, used 64022K [0x00000000c0000000, 0x00000000c4e00000, 0x00000000eab00000)
  object space 79872K, 80% used [0x00000000c0000000,0x00000000c3e85bb8,0x00000000c4e00000)
 Metaspace       used 8052K, capacity 8420K, committed 8576K, reserved 1056768K
  class space    used 757K, capacity 788K, committed 896K, reserved 1048576K
Event: 11.029 GC heap after
Heap after GC invocations=13 (full 1):
 PSYoungGen      total 72704K, used 4449K [0x00000000eab00000, 0x00000000efd00000, 0x0000000100000000)
  eden space 64512K, 0% used [0x00000000eab00000,0x00000000eab00000,0x00000000eea00000)
  from space 8192K, 54% used [0x00000000ef300000,0x00000000ef7585d8,0x00000000efb00000)
  to   space 9216K, 0% used [0x00000000eea00000,0x00000000eea00000,0x00000000ef300000)
 ParOldGen       total 79872K, used 72594K [0x00000000c0000000, 0x00000000c4e00000, 0x00000000eab00000)
  object space 79872K, 90% used [0x00000000c0000000,0x00000000c46e4870,0x00000000c4e00000)
 Metaspace       used 8052K, capacity 8420K, committed 8576K, reserved 1056768K
  class space    used 757K, capacity 788K, committed 896K, reserved 1048576K
}
Event: 11.029 GC heap before
{Heap before GC invocations=14 (full 2):
 PSYoungGen      total 72704K, used 4449K [0x00000000eab00000, 0x00000000efd00000, 0x0000000100000000)
  eden space 64512K, 0% used [0x00000000eab00000,0x00000000eab00000,0x00000000eea00000)
  from space 8192K, 54% used [0x00000000ef300000,0x00000000ef7585d8,0x00000000efb00000)
  to   space 9216K, 0% used [0x00000000eea00000,0x00000000eea00000,0x00000000ef300000)
 ParOldGen       total 79872K, used 72594K [0x00000000c0000000, 0x00000000c4e00000, 0x00000000eab00000)
  object space 79872K, 90% used [0x00000000c0000000,0x00000000c46e4870,0x00000000c4e00000)
 Metaspace       used 8052K, capacity 8420K, committed 8576K, reserved 1056768K
  class space    used 757K, capacity 788K, committed 896K, reserved 1048576K
Event: 11.392 GC heap after
Heap after GC invocations=14 (full 2):
 PSYoungGen      total 72704K, used 0K [0x00000000eab00000, 0x00000000efd00000, 0x0000000100000000)
  eden space 64512K, 0% used [0x00000000eab00000,0x00000000eab00000,0x00000000eea00000)
  from space 8192K, 0% used [0x00000000ef300000,0x00000000ef300000,0x00000000efb00000)
  to   space 9216K, 0% used [0x00000000eea00000,0x00000000eea00000,0x00000000ef300000)
 ParOldGen       total 112128K, used 49394K [0x00000000c0000000, 0x00000000c6d80000, 0x00000000eab00000)
  object space 112128K, 44% used [0x00000000c0000000,0x00000000c303c9a0,0x00000000c6d80000)
 Metaspace       used 8052K, capacity 8420K, committed 8576K, reserved 1056768K
  class space    used 757K, capacity 788K, committed 896K, reserved 1048576K
}

Deoptimization events (10 events):
Event: 10.458 Thread 0x0000000002214000 Uncommon trap: reason=unstable_if action=reinterpret pc=0x000000000282bf28 method=java.util.HashMap.resize()[Ljava/util/HashMap$Node; @ 206
Event: 10.518 Thread 0x0000000002214000 Uncommon trap: reason=unstable_if action=reinterpret pc=0x00000000027fcdb4 method=com.android.dx.merge.IndexMap.adjustString(I)I @ 2
Event: 10.531 Thread 0x0000000002214000 Uncommon trap: reason=unstable_if action=reinterpret pc=0x00000000029e21d0 method=java.util.HashMap.getNode(ILjava/lang/Object;)Ljava/util/HashMap$Node; @ 84
Event: 10.693 Thread 0x0000000002214000 Uncommon trap: reason=unstable_if action=reinterpret pc=0x00000000024fba84 method=sun.misc.MetaIndex.mayContain(Ljava/lang/String;)Z @ 13
Event: 10.698 Thread 0x0000000002214000 Uncommon trap: reason=class_check action=maybe_recompile pc=0x00000000026d83dc method=java.util.ArrayList.<init>(Ljava/util/Collection;)V @ 6
Event: 10.721 Thread 0x0000000002214000 Uncommon trap: reason=class_check action=maybe_recompile pc=0x00000000026d83dc method=java.util.ArrayList.<init>(Ljava/util/Collection;)V @ 6
Event: 10.731 Thread 0x0000000002214000 Uncommon trap: reason=unstable_if action=reinterpret pc=0x0000000002808e20 method=com.android.dex.Mutf8.decode(Lcom/android/dex/util/ByteInput;[C)Ljava/lang/String; @ 54
Event: 10.731 Thread 0x0000000002214000 Uncommon trap: reason=unstable_if action=reinterpret pc=0x0000000002b0c35c method=com.android.dex.Mutf8.countBytes(Ljava/lang/String;Z)J @ 50
Event: 10.731 Thread 0x0000000002214000 Uncommon trap: reason=unstable_if action=reinterpret pc=0x0000000002b04064 method=com.android.dex.Mutf8.encode([BILjava/lang/String;)V @ 51
Event: 10.776 Thread 0x0000000002214000 Uncommon trap: reason=unstable_if action=reinterpret pc=0x000000000249b31c method=com.android.dex.EncodedValue.compareTo(Lcom/android/dex/EncodedValue;)I @ 18

Internal exceptions (7 events):
Event: 0.037 Thread 0x0000000002214000 Exception <a 'java/lang/NoSuchMethodError': Method sun.misc.Unsafe.defineClass(Ljava/lang/String;[BII)Ljava/lang/Class; name or signature does not match> (0x00000000eab12c18) thrown at [C:\re\workspace\8-2-build-windows-amd64-cygwin\jdk8u45\3627\hotspot\sr8
Event: 0.037 Thread 0x0000000002214000 Exception <a 'java/lang/NoSuchMethodError': Method sun.misc.Unsafe.prefetchRead(Ljava/lang/Object;J)V name or signature does not match> (0x00000000eab12ea8) thrown at [C:\re\workspace\8-2-build-windows-amd64-cygwin\jdk8u45\3627\hotspot\src\share\vm\prims\jüO?C`é?
Event: 0.793 Thread 0x0000000002214000 Implicit null exception at 0x00000000026a6062 to 0x00000000026a6161
Event: 10.694 Thread 0x0000000002214000 Exception <a 'java/security/PrivilegedActionException'> (0x00000000ec0f9728) thrown at [C:\re\workspace\8-2-build-windows-amd64-cygwin\jdk8u45\3627\hotspot\src\share\vm\prims\jvm.cpp, line 1382]
Event: 10.694 Thread 0x0000000002214000 Exception <a 'java/security/PrivilegedActionException'> (0x00000000ec0f9a70) thrown at [C:\re\workspace\8-2-build-windows-amd64-cygwin\jdk8u45\3627\hotspot\src\share\vm\prims\jvm.cpp, line 1382]
Event: 10.695 Thread 0x0000000002214000 Exception <a 'java/security/PrivilegedActionException'> (0x00000000ec0fdb28) thrown at [C:\re\workspace\8-2-build-windows-amd64-cygwin\jdk8u45\3627\hotspot\src\share\vm\prims\jvm.cpp, line 1382]
Event: 10.695 Thread 0x0000000002214000 Exception <a 'java/security/PrivilegedActionException'> (0x00000000ec0fde70) thrown at [C:\re\workspace\8-2-build-windows-amd64-cygwin\jdk8u45\3627\hotspot\src\share\vm\prims\jvm.cpp, line 1382]

Events (10 events):
Event: 10.862 Thread 0x0000000002214000 DEOPT PACKING pc=0x0000000002a533c7 sp=0x000000000220f310
Event: 10.862 Thread 0x0000000002214000 DEOPT UNPACKING pc=0x000000000235787f sp=0x000000000220f010 mode 0
Event: 10.862 Thread 0x0000000002214000 DEOPT PACKING pc=0x0000000002a532fe sp=0x000000000220f310
Event: 10.862 Thread 0x0000000002214000 DEOPT UNPACKING pc=0x000000000235787f sp=0x000000000220f010 mode 0
Event: 10.862 Thread 0x0000000002214000 DEOPT PACKING pc=0x0000000002a532fe sp=0x000000000220f310
Event: 10.862 Thread 0x0000000002214000 DEOPT UNPACKING pc=0x000000000235787f sp=0x000000000220f010 mode 0
Event: 11.009 Executing VM operation: ParallelGCFailedAllocation
Event: 11.392 Executing VM operation: ParallelGCFailedAllocation done
Event: 11.423 loading class com/android/dex/Dex$1
Event: 11.423 loading class com/android/dex/Dex$1 done


Dynamic libraries:
0x00007ff729d00000 - 0x00007ff729d37000 	C:\Program Files\Java\jdk1.8.0_45\bin\java.exe
0x00007ffbb5bf0000 - 0x00007ffbb5d9c000 	C:\WINDOWS\SYSTEM32\ntdll.dll
0x00007ffbb5a40000 - 0x00007ffbb5b7e000 	C:\WINDOWS\system32\KERNEL32.DLL
0x00007ffbb3000000 - 0x00007ffbb3115000 	C:\WINDOWS\system32\KERNELBASE.dll
0x00007ffbb16d0000 - 0x00007ffbb175e000 	C:\WINDOWS\system32\apphelp.dll
0x00007ffba4770000 - 0x00007ffba47c3000 	C:\WINDOWS\AppPatch\AppPatch64\AcGenral.DLL
0x00007ffbb3a10000 - 0x00007ffbb3aba000 	C:\WINDOWS\system32\msvcrt.dll
0x00007ffbb2b80000 - 0x00007ffbb2bae000 	C:\WINDOWS\SYSTEM32\SspiCli.dll
0x00007ffbb3490000 - 0x00007ffbb34e4000 	C:\WINDOWS\system32\SHLWAPI.dll
0x00007ffbb5440000 - 0x00007ffbb55b7000 	C:\WINDOWS\system32\USER32.dll
0x00007ffbb55c0000 - 0x00007ffbb5754000 	C:\WINDOWS\system32\ole32.dll
0x00007ffbb3b00000 - 0x00007ffbb5019000 	C:\WINDOWS\system32\SHELL32.dll
0x00007ffbb2350000 - 0x00007ffbb2371000 	C:\WINDOWS\SYSTEM32\USERENV.dll
0x00007ffbb5760000 - 0x00007ffbb580a000 	C:\WINDOWS\system32\ADVAPI32.dll
0x00007ffbaa550000 - 0x00007ffbaa56e000 	C:\WINDOWS\SYSTEM32\MPR.dll
0x00007ffbb3750000 - 0x00007ffbb3891000 	C:\WINDOWS\system32\RPCRT4.dll
0x00007ffbb3500000 - 0x00007ffbb3559000 	C:\WINDOWS\SYSTEM32\sechost.dll
0x00007ffbb5810000 - 0x00007ffbb5a21000 	C:\WINDOWS\SYSTEM32\combase.dll
0x00007ffbb5160000 - 0x00007ffbb52af000 	C:\WINDOWS\system32\GDI32.dll
0x00007ffbb2d50000 - 0x00007ffbb2d65000 	C:\WINDOWS\SYSTEM32\profapi.dll
0x00007ffbb0c00000 - 0x00007ffbb0cb2000 	C:\WINDOWS\SYSTEM32\SHCORE.dll
0x00007ffbb3ac0000 - 0x00007ffbb3af6000 	C:\WINDOWS\system32\IMM32.DLL
0x00007ffbb38a0000 - 0x00007ffbb39f2000 	C:\WINDOWS\system32\MSCTF.dll
0x00007ffbaf6c0000 - 0x00007ffbaf93a000 	C:\WINDOWS\WinSxS\amd64_microsoft.windows.common-controls_6595b64144ccf1df_6.0.9600.17810_none_6240b9c7ecbd0bda\COMCTL32.dll
0x0000000062bc0000 - 0x0000000062c92000 	C:\Program Files\Java\jdk1.8.0_45\jre\bin\msvcr100.dll
0x0000000063040000 - 0x00000000638c3000 	C:\Program Files\Java\jdk1.8.0_45\jre\bin\server\jvm.dll
0x00007ffbaa420000 - 0x00007ffbaa429000 	C:\WINDOWS\SYSTEM32\WSOCK32.dll
0x00007ffbadea0000 - 0x00007ffbadec2000 	C:\WINDOWS\SYSTEM32\WINMM.dll
0x00007ffbaa430000 - 0x00007ffbaa43a000 	C:\WINDOWS\SYSTEM32\VERSION.dll
0x00007ffbb3740000 - 0x00007ffbb3747000 	C:\WINDOWS\system32\PSAPI.DLL
0x00007ffbb5020000 - 0x00007ffbb507a000 	C:\WINDOWS\system32\WS2_32.dll
0x00007ffbade10000 - 0x00007ffbade3a000 	C:\WINDOWS\SYSTEM32\WINMMBASE.dll
0x00007ffbb3a00000 - 0x00007ffbb3a09000 	C:\WINDOWS\system32\NSI.dll
0x00007ffbb31d0000 - 0x00007ffbb321f000 	C:\WINDOWS\SYSTEM32\cfgmgr32.dll
0x00007ffbb1b40000 - 0x00007ffbb1b68000 	C:\WINDOWS\SYSTEM32\DEVOBJ.dll
0x0000000063030000 - 0x000000006303f000 	C:\Program Files\Java\jdk1.8.0_45\jre\bin\verify.dll
0x0000000063000000 - 0x0000000063029000 	C:\Program Files\Java\jdk1.8.0_45\jre\bin\java.dll
0x0000000062fe0000 - 0x0000000062ff6000 	C:\Program Files\Java\jdk1.8.0_45\jre\bin\zip.dll

VM Arguments:
jvm_args: -Xmx1024M -Dfile.encoding=x-windows-949 -Duser.country=KR -Duser.language=ko -Duser.variant 
java_command: com.android.dx.command.Main --dex --output C:\Users\man\Desktop\windmill\Windmill3_new_ver9\app\build\intermediates\dex\debug C:\Users\man\Desktop\windmill\Windmill3_new_ver9\app\build\intermediates\classes\debug C:\Users\man\Desktop\windmill\Windmill3_new_ver9\app\build\intermediates\pre-dexed\debug\javax.inject-1-54464122850e9a80b3907152a9653658a58536e7.jar C:\Users\man\Desktop\windmill\Windmill3_new_ver9\app\build\intermediates\pre-dexed\debug\support-annotations-22.2.1-4d14a0d543813356b4e0cf89779bea85c39fafc2.jar C:\Users\man\Desktop\windmill\Windmill3_new_ver9\app\build\intermediates\pre-dexed\debug\leakcanary-watcher-1.3-1e7f6369ae87fc6ece0483f980b19324e1ad5b5f.jar C:\Users\man\Desktop\windmill\Windmill3_new_ver9\app\build\intermediates\pre-dexed\debug\classes-37482ea9e38a7fbad1b4377cf39b9b141641a68f.jar C:\Users\man\Desktop\windmill\Windmill3_new_ver9\app\build\intermediates\pre-dexed\debug\classes-319d512324319c2d7ae41fceaacb6817282ff067.jar C:\Users\man\Desktop\windmill\Windmill3_new_ver9\app\build\intermediates\pre-dexed\debug\dagger-2.0-c987c109cb42efe15fa4ff32bcd845c7c4a237b8.jar C:\Users\man\Desktop\windmill\Windmill3_new_ver9\app\build\intermediates\pre-dexed\debug\auto-service-1.0-rc1-a072ecf989dbce61516958c99986a8229c6b285d.jar C:\Users\man\Desktop\windmill\Windmill3_new_ver9\app\build\intermediates\pre-dexed\debug\leakcanary-analyzer-1.3-513ef9755d729dbcf85af64b618fd198c94a52e5.jar C:\Users\man\Desktop\windmill\Windmill3_new_ver9\app\build\intermediates\pre-dexed\debug\classes-a3dd50f38bbe4afa84c789b9b63d913f9313e533.jar C:\Users\man\Desktop\windmill\Windmill3_new_ver9\app\build\intermediates\pre-dexed\debug\classes-437fbd450efc133b0cabd5f0edae65ff6dcd64fc.jar C:\Users\man\Desktop\windmill\Windmill3_new_ver9\app\build\intermediates\pre-dexed\debug\classes-25f701b575050c8bf674d336c477454742279e08.jar C:\Users\man\Desktop\windmill\Windmill3_new_ver9\app\build\intermediates\pre-dexed\debug\classes-00c781f92d256de64eb3e3b4d374cbbf94d5b45
java_class_path (initial): C:\Users\man\AppData\Local\Android\sdk1\build-tools\22.0.1\lib\dx.jar
Launcher Type: SUN_STANDARD

Environment Variables:
PATH=C:\ProgramData\Oracle\Java\javapath;C:\Program Files (x86)\Intel\iCLS Client\;C:\Program Files\Intel\iCLS Client\;C:\WINDOWS\system32;C:\WINDOWS;C:\WINDOWS\System32\Wbem;C:\WINDOWS\System32\WindowsPowerShell\v1.0\;C:\Program Files (x86)\Intel\OpenCL SDK\2.0\bin\x86;C:\Program Files (x86)\Intel\OpenCL SDK\2.0\bin\x64;C:\Program Files\Intel\Intel(R) Management Engine Components\DAL;C:\Program Files\Intel\Intel(R) Management Engine Components\IPT;C:\Program Files (x86)\Intel\Intel(R) Management Engine Components\DAL;C:\Program Files (x86)\Intel\Intel(R) Management Engine Components\IPT;C:\Program Files (x86)\Common Files\Sony Shared\FeliCaLibrary;C:\Program Files\Common Files\Sony Shared\FeliCaLibrary;C:\Program Files (x86)\Common Files\Sony Shared\FeliCaNFCLibrary;C:\Program Files\Common Files\Sony Shared\FeliCaNFCLibrary;C:\Program Files\Intel\WiFi\bin\;C:\Program Files\Common Files\Intel\WirelessCommon\;C:\Program Files\Sony\VAIO Improvement\;C:\Program Files (x86)\Sony\VAIO Startup Setting Tool;C:\Program Files\Bandizip\7z
USERNAME=man
OS=Windows_NT
PROCESSOR_IDENTIFIER=Intel64 Family 6 Model 58 Stepping 9, GenuineIntel



---------------  S Y S T E M  ---------------

OS: Windows 8.1 , 64 bit Build 9600 (6.3.9600.17415)

CPU:total 4 (2 cores per cpu, 2 threads per core) family 6 model 58 stepping 9, cmov, cx8, fxsr, mmx, sse, sse2, sse3, ssse3, sse4.1, sse4.2, popcnt, avx, aes, clmul, erms, ht, tsc, tscinvbit, tscinv

Memory: 4k page, physical 4070680k(152736k free), swap 7216408k(5132k free)

vm_info: Java HotSpot(TM) 64-Bit Server VM (25.45-b02) for windows-amd64 JRE (1.8.0_45-b15), built on Apr 30 2015 12:40:44 by "java_re" with MS VC++ 10.0 (VS2010)

time: Tue Sep 15 21:28:22 2015
elapsed time: 11 seconds (0d 0h 0m 11s)

