#
# There is insufficient memory for the Java Runtime Environment to continue.
# Native memory allocation (malloc) failed to allocate 1007536 bytes for Chunk::new
# Possible reasons:
#   The system is out of physical RAM or swap space
#   In 32 bit mode, the process size limit was hit
# Possible solutions:
#   Reduce memory load on the system
#   Increase physical memory or swap space
#   Check if swap backing store is full
#   Use 64 bit Java on a 64 bit OS
#   Decrease Java heap size (-Xmx/-Xms)
#   Decrease number of Java threads
#   Decrease Java thread stack sizes (-Xss)
#   Set larger code cache with -XX:ReservedCodeCacheSize=
# This output file may be truncated or incomplete.
#
#  Out of Memory Error (allocation.cpp:390), pid=9760, tid=7072
#
# JRE version: Java(TM) SE Runtime Environment (8.0_45-b15) (build 1.8.0_45-b15)
# Java VM: Java HotSpot(TM) 64-Bit Server VM (25.45-b02 mixed mode windows-amd64 compressed oops)
# Failed to write core dump. Minidumps are not enabled by default on client versions of Windows
#

---------------  T H R E A D  ---------------

Current thread (0x0000000015dc4800):  JavaThread "C2 CompilerThread1" daemon [_thread_in_native, id=7072, stack(0x0000000016170000,0x0000000016270000)]

Stack: [0x0000000016170000,0x0000000016270000]
Native frames: (J=compiled Java code, j=interpreted, Vv=VM code, C=native code)
V  [jvm.dll+0x32b57a]


Current CompileTask:
C2:   4896 1186       4       com.android.dx.dex.code.OutputFinisher::addConstants (93 bytes)


---------------  P R O C E S S  ---------------

Java Threads: ( => current thread )
  0x0000000015dd2000 JavaThread "Service Thread" daemon [_thread_blocked, id=3852, stack(0x0000000016370000,0x0000000016470000)]
  0x0000000015dca800 JavaThread "C1 CompilerThread2" daemon [_thread_blocked, id=8200, stack(0x0000000016270000,0x0000000016370000)]
=>0x0000000015dc4800 JavaThread "C2 CompilerThread1" daemon [_thread_in_native, id=7072, stack(0x0000000016170000,0x0000000016270000)]
  0x000000001476b800 JavaThread "C2 CompilerThread0" daemon [_thread_blocked, id=9884, stack(0x0000000015c70000,0x0000000015d70000)]
  0x000000001471e800 JavaThread "Attach Listener" daemon [_thread_blocked, id=9024, stack(0x0000000015b70000,0x0000000015c70000)]
  0x0000000014709000 JavaThread "Signal Dispatcher" daemon [_thread_blocked, id=6516, stack(0x0000000015a70000,0x0000000015b70000)]
  0x0000000002038000 JavaThread "Finalizer" daemon [_thread_blocked, id=6376, stack(0x0000000015970000,0x0000000015a70000)]
  0x000000000202d800 JavaThread "Reference Handler" daemon [_thread_blocked, id=9776, stack(0x0000000015870000,0x0000000015970000)]
  0x0000000001f40800 JavaThread "main" [_thread_in_vm, id=9796, stack(0x0000000001b30000,0x0000000001c30000)]

Other Threads:
  0x00000000146d8000 VMThread [stack: 0x0000000015770000,0x0000000015870000] [id=5048]
  0x0000000015de5800 WatcherThread [stack: 0x0000000016470000,0x0000000016570000] [id=10140]

VM state:not at safepoint (normal execution)

VM Mutex/Monitor currently owned by a thread: None

Heap:
 PSYoungGen      total 18944K, used 6560K [0x00000000eab00000, 0x00000000ed000000, 0x0000000100000000)
  eden space 16384K, 24% used [0x00000000eab00000,0x00000000eaeebff8,0x00000000ebb00000)
  from space 2560K, 99% used [0x00000000ebb00000,0x00000000ebd7c278,0x00000000ebd80000)
  to   space 2560K, 0% used [0x00000000ecd80000,0x00000000ecd80000,0x00000000ed000000)
 ParOldGen       total 44032K, used 1856K [0x00000000c0000000, 0x00000000c2b00000, 0x00000000eab00000)
  object space 44032K, 4% used [0x00000000c0000000,0x00000000c01d0238,0x00000000c2b00000)
 Metaspace       used 5828K, capacity 7024K, committed 7296K, reserved 1056768K
  class space    used 570K, capacity 616K, committed 640K, reserved 1048576K

Card table byte_map: [0x0000000011400000,0x0000000011610000] byte_map_base: 0x0000000010e00000

Marking Bits: (ParMarkBitMap*) 0x0000000063844040
 Begin Bits: [0x0000000011b70000, 0x0000000012b70000)
 End Bits:   [0x0000000012b70000, 0x0000000013b70000)

Polling page: 0x00000000003a0000

CodeCache: size=245760Kb used=5018Kb max_used=5018Kb free=240741Kb
 bounds [0x0000000002040000, 0x0000000002530000, 0x0000000011040000]
 total_blobs=1529 nmethods=1262 adapters=180
 compilation: enabled

Compilation events (10 events):
Event: 4.598 Thread 0x0000000015dca800 1259       3       com.android.dx.dex.code.InsnFormat::unsignedFitsInNibble (14 bytes)
Event: 4.598 Thread 0x0000000015dca800 nmethod 1259 0x0000000002523250 code [0x00000000025233a0, 0x0000000002523530]
Event: 4.598 Thread 0x0000000015dca800 1260       3       com.android.dx.dex.file.DexFile::findItemOrNull (66 bytes)
Event: 4.599 Thread 0x0000000015dca800 nmethod 1260 0x0000000002522610 code [0x00000000025227e0, 0x00000000025230d8]
Event: 4.599 Thread 0x0000000015dca800 1261       3       com.android.dx.dex.code.OutputFinisher::assignIndices (61 bytes)
Event: 4.600 Thread 0x0000000015dca800 nmethod 1261 0x0000000002526750 code [0x0000000002526960, 0x00000000025276d8]
Event: 4.600 Thread 0x0000000015dca800 1262       3       com.android.dx.dex.code.InsnFormat::unsignedFitsInByte (15 bytes)
Event: 4.600 Thread 0x0000000015dca800 nmethod 1262 0x0000000002522290 code [0x00000000025223e0, 0x0000000002522570]
Event: 4.600 Thread 0x0000000015dca800 1263       3       com.android.dx.dex.code.StdCatchBuilder::handlersFor (216 bytes)
Event: 4.603 Thread 0x0000000015dca800 nmethod 1263 0x0000000002527c90 code [0x0000000002528000, 0x000000000252a198]

GC Heap History (2 events):
Event: 3.724 GC heap before
{Heap before GC invocations=1 (full 0):
 PSYoungGen      total 18944K, used 16384K [0x00000000eab00000, 0x00000000ec000000, 0x0000000100000000)
  eden space 16384K, 100% used [0x00000000eab00000,0x00000000ebb00000,0x00000000ebb00000)
  from space 2560K, 0% used [0x00000000ebd80000,0x00000000ebd80000,0x00000000ec000000)
  to   space 2560K, 0% used [0x00000000ebb00000,0x00000000ebb00000,0x00000000ebd80000)
 ParOldGen       total 44032K, used 0K [0x00000000c0000000, 0x00000000c2b00000, 0x00000000eab00000)
  object space 44032K, 0% used [0x00000000c0000000,0x00000000c0000000,0x00000000c2b00000)
 Metaspace       used 5535K, capacity 6768K, committed 7040K, reserved 1056768K
  class space    used 551K, capacity 616K, committed 640K, reserved 1048576K
Event: 3.814 GC heap after
Heap after GC invocations=1 (full 0):
 PSYoungGen      total 18944K, used 2544K [0x00000000eab00000, 0x00000000ed000000, 0x0000000100000000)
  eden space 16384K, 0% used [0x00000000eab00000,0x00000000eab00000,0x00000000ebb00000)
  from space 2560K, 99% used [0x00000000ebb00000,0x00000000ebd7c278,0x00000000ebd80000)
  to   space 2560K, 0% used [0x00000000ecd80000,0x00000000ecd80000,0x00000000ed000000)
 ParOldGen       total 44032K, used 1856K [0x00000000c0000000, 0x00000000c2b00000, 0x00000000eab00000)
  object space 44032K, 4% used [0x00000000c0000000,0x00000000c01d0238,0x00000000c2b00000)
 Metaspace       used 5535K, capacity 6768K, committed 7040K, reserved 1056768K
  class space    used 551K, capacity 616K, committed 640K, reserved 1048576K
}

Deoptimization events (10 events):
Event: 3.340 Thread 0x0000000001f40800 Uncommon trap: reason=class_check action=maybe_recompile pc=0x00000000022fe5f0 method=com.android.dx.ssa.NormalSsaInsn.accept(Lcom/android/dx/ssa/SsaInsn$Visitor;)V @ 9
Event: 3.447 Thread 0x0000000001f40800 Uncommon trap: reason=null_check action=make_not_entrant pc=0x000000000243df14 method=com.android.dx.ssa.SsaRenamer.getLocalForNewReg(I)Lcom/android/dx/rop/code/LocalItem; @ 19
Event: 3.447 Thread 0x0000000001f40800 Uncommon trap: reason=null_check action=make_not_entrant pc=0x0000000002435b94 method=com.android.dx.ssa.SsaRenamer.getLocalForNewReg(I)Lcom/android/dx/rop/code/LocalItem; @ 19
Event: 4.200 Thread 0x0000000001f40800 Uncommon trap: reason=class_check action=maybe_recompile pc=0x00000000024bf0d8 method=java.util.Arrays.hashCode([Ljava/lang/Object;)I @ 43
Event: 4.200 Thread 0x0000000001f40800 Uncommon trap: reason=class_check action=maybe_recompile pc=0x00000000024bf0d8 method=java.util.Arrays.hashCode([Ljava/lang/Object;)I @ 43
Event: 4.200 Thread 0x0000000001f40800 Uncommon trap: reason=class_check action=maybe_recompile pc=0x00000000024bf0d8 method=java.util.Arrays.hashCode([Ljava/lang/Object;)I @ 43
Event: 4.200 Thread 0x0000000001f40800 Uncommon trap: reason=class_check action=maybe_recompile pc=0x00000000024bf0d8 method=java.util.Arrays.hashCode([Ljava/lang/Object;)I @ 43
Event: 4.201 Thread 0x0000000001f40800 Uncommon trap: reason=class_check action=maybe_recompile pc=0x00000000024c5174 method=java.util.Arrays.hashCode([Ljava/lang/Object;)I @ 43
Event: 4.510 Thread 0x0000000001f40800 Uncommon trap: reason=bimorphic action=maybe_recompile pc=0x0000000002379c8c method=java.util.HashMap.getNode(ILjava/lang/Object;)Ljava/util/HashMap$Node; @ 126
Event: 4.510 Thread 0x0000000001f40800 Uncommon trap: reason=bimorphic action=maybe_recompile pc=0x0000000002379c8c method=java.util.HashMap.getNode(ILjava/lang/Object;)Ljava/util/HashMap$Node; @ 126

Internal exceptions (4 events):
Event: 0.081 Thread 0x0000000001f40800 Exception <a 'java/lang/NoSuchMethodError': Method sun.misc.Unsafe.defineClass(Ljava/lang/String;[BII)Ljava/lang/Class; name or signature does not match> (0x00000000eab12d08) thrown at [C:\re\workspace\8-2-build-windows-amd64-cygwin\jdk8u45\3627\hotspot\sr°\ŠF'´´?
Event: 0.081 Thread 0x0000000001f40800 Exception <a 'java/lang/NoSuchMethodError': Method sun.misc.Unsafe.prefetchRead(Ljava/lang/Object;J)V name or signature does not match> (0x00000000eab12f98) thrown at [C:\re\workspace\8-2-build-windows-amd64-cygwin\jdk8u45\3627\hotspot\src\share\vm\prims\j-‘“@
Event: 3.447 Thread 0x0000000001f40800 Implicit null exception at 0x000000000243c7f8 to 0x000000000243dedd
Event: 3.447 Thread 0x0000000001f40800 Implicit null exception at 0x00000000024346c3 to 0x0000000002435b61

Events (10 events):
Event: 4.535 loading class com/android/dx/dex/code/CatchHandlerList
Event: 4.535 loading class com/android/dx/dex/code/CatchHandlerList done
Event: 4.535 loading class com/android/dx/dex/code/CatchTable
Event: 4.535 loading class com/android/dx/dex/code/CatchTable done
Event: 4.571 loading class com/android/dx/dex/code/CatchHandlerList$Entry
Event: 4.571 loading class com/android/dx/dex/code/CatchHandlerList$Entry done
Event: 4.573 loading class com/android/dx/dex/code/CatchTable$Entry
Event: 4.573 loading class com/android/dx/dex/code/CatchTable$Entry done
Event: 4.586 loading class com/android/dx/util/ByteArrayAnnotatedOutput
Event: 4.586 loading class com/android/dx/util/ByteArrayAnnotatedOutput done


Dynamic libraries:
0x00007ff729d00000 - 0x00007ff729d37000 	C:\Program Files\Java\jdk1.8.0_45\bin\java.exe
0x00007ffbb5bf0000 - 0x00007ffbb5d9c000 	C:\WINDOWS\SYSTEM32\ntdll.dll
0x00007ffbb5a40000 - 0x00007ffbb5b7e000 	C:\WINDOWS\system32\KERNEL32.DLL
0x00007ffbb3000000 - 0x00007ffbb3115000 	C:\WINDOWS\system32\KERNELBASE.dll
0x00007ffbb16d0000 - 0x00007ffbb175e000 	C:\WINDOWS\system32\apphelp.dll
0x00007ffba47b0000 - 0x00007ffba4803000 	C:\WINDOWS\AppPatch\AppPatch64\AcGenral.DLL
0x00007ffbb3a10000 - 0x00007ffbb3aba000 	C:\WINDOWS\system32\msvcrt.dll
0x00007ffbb2b80000 - 0x00007ffbb2bae000 	C:\WINDOWS\SYSTEM32\SspiCli.dll
0x00007ffbb3490000 - 0x00007ffbb34e4000 	C:\WINDOWS\system32\SHLWAPI.dll
0x00007ffbb5440000 - 0x00007ffbb55b7000 	C:\WINDOWS\system32\USER32.dll
0x00007ffbb55c0000 - 0x00007ffbb5754000 	C:\WINDOWS\system32\ole32.dll
0x00007ffbb3b00000 - 0x00007ffbb5019000 	C:\WINDOWS\system32\SHELL32.dll
0x00007ffbb2350000 - 0x00007ffbb2371000 	C:\WINDOWS\SYSTEM32\USERENV.dll
0x00007ffbb5760000 - 0x00007ffbb580a000 	C:\WINDOWS\system32\ADVAPI32.dll
0x00007ffbaa550000 - 0x00007ffbaa56e000 	C:\WINDOWS\SYSTEM32\MPR.dll
0x00007ffbb3750000 - 0x00007ffbb3891000 	C:\WINDOWS\system32\RPCRT4.dll
0x00007ffbb3500000 - 0x00007ffbb3559000 	C:\WINDOWS\SYSTEM32\sechost.dll
0x00007ffbb5810000 - 0x00007ffbb5a21000 	C:\WINDOWS\SYSTEM32\combase.dll
0x00007ffbb5160000 - 0x00007ffbb52af000 	C:\WINDOWS\system32\GDI32.dll
0x00007ffbb2d50000 - 0x00007ffbb2d65000 	C:\WINDOWS\SYSTEM32\profapi.dll
0x00007ffbb0c00000 - 0x00007ffbb0cb2000 	C:\WINDOWS\SYSTEM32\SHCORE.dll
0x00007ffbb3ac0000 - 0x00007ffbb3af6000 	C:\WINDOWS\system32\IMM32.DLL
0x00007ffbb38a0000 - 0x00007ffbb39f2000 	C:\WINDOWS\system32\MSCTF.dll
0x00007ffbaf6c0000 - 0x00007ffbaf93a000 	C:\WINDOWS\WinSxS\amd64_microsoft.windows.common-controls_6595b64144ccf1df_6.0.9600.17810_none_6240b9c7ecbd0bda\COMCTL32.dll
0x0000000062bc0000 - 0x0000000062c92000 	C:\Program Files\Java\jdk1.8.0_45\jre\bin\msvcr100.dll
0x0000000063040000 - 0x00000000638c3000 	C:\Program Files\Java\jdk1.8.0_45\jre\bin\server\jvm.dll
0x00007ffbaa420000 - 0x00007ffbaa429000 	C:\WINDOWS\SYSTEM32\WSOCK32.dll
0x00007ffbadea0000 - 0x00007ffbadec2000 	C:\WINDOWS\SYSTEM32\WINMM.dll
0x00007ffbaa430000 - 0x00007ffbaa43a000 	C:\WINDOWS\SYSTEM32\VERSION.dll
0x00007ffbb3740000 - 0x00007ffbb3747000 	C:\WINDOWS\system32\PSAPI.DLL
0x00007ffbb5020000 - 0x00007ffbb507a000 	C:\WINDOWS\system32\WS2_32.dll
0x00007ffbade10000 - 0x00007ffbade3a000 	C:\WINDOWS\SYSTEM32\WINMMBASE.dll
0x00007ffbb3a00000 - 0x00007ffbb3a09000 	C:\WINDOWS\system32\NSI.dll
0x00007ffbb31d0000 - 0x00007ffbb321f000 	C:\WINDOWS\SYSTEM32\cfgmgr32.dll
0x00007ffbb1b40000 - 0x00007ffbb1b68000 	C:\WINDOWS\SYSTEM32\DEVOBJ.dll
0x0000000063030000 - 0x000000006303f000 	C:\Program Files\Java\jdk1.8.0_45\jre\bin\verify.dll
0x0000000063000000 - 0x0000000063029000 	C:\Program Files\Java\jdk1.8.0_45\jre\bin\java.dll
0x0000000062fe0000 - 0x0000000062ff6000 	C:\Program Files\Java\jdk1.8.0_45\jre\bin\zip.dll

VM Arguments:
jvm_args: -Xmx1024M -Dfile.encoding=x-windows-949 -Duser.country=KR -Duser.language=ko -Duser.variant 
java_command: com.android.dx.command.Main --dex --output C:\Users\man\Desktop\windmill\Windmill3_new_ver9\app\build\intermediates\pre-dexed\release\classes-761b69d29d189d5e203c0513a8e51825b5a671af.jar C:\Users\man\Desktop\windmill\Windmill3_new_ver9\app\build\intermediates\exploded-aar\com.kakao.sdk\util\1.1.0\jars\classes.jar
java_class_path (initial): C:\Users\man\AppData\Local\Android\sdk1\build-tools\22.0.1\lib\dx.jar
Launcher Type: SUN_STANDARD

Environment Variables:
PATH=C:\ProgramData\Oracle\Java\javapath;C:\Program Files (x86)\Intel\iCLS Client\;C:\Program Files\Intel\iCLS Client\;C:\WINDOWS\system32;C:\WINDOWS;C:\WINDOWS\System32\Wbem;C:\WINDOWS\System32\WindowsPowerShell\v1.0\;C:\Program Files (x86)\Intel\OpenCL SDK\2.0\bin\x86;C:\Program Files (x86)\Intel\OpenCL SDK\2.0\bin\x64;C:\Program Files\Intel\Intel(R) Management Engine Components\DAL;C:\Program Files\Intel\Intel(R) Management Engine Components\IPT;C:\Program Files (x86)\Intel\Intel(R) Management Engine Components\DAL;C:\Program Files (x86)\Intel\Intel(R) Management Engine Components\IPT;C:\Program Files (x86)\Common Files\Sony Shared\FeliCaLibrary;C:\Program Files\Common Files\Sony Shared\FeliCaLibrary;C:\Program Files (x86)\Common Files\Sony Shared\FeliCaNFCLibrary;C:\Program Files\Common Files\Sony Shared\FeliCaNFCLibrary;C:\Program Files\Intel\WiFi\bin\;C:\Program Files\Common Files\Intel\WirelessCommon\;C:\Program Files\Sony\VAIO Improvement\;C:\Program Files (x86)\Sony\VAIO Startup Setting Tool;C:\Program Files\Bandizip\7z
USERNAME=man
OS=Windows_NT
PROCESSOR_IDENTIFIER=Intel64 Family 6 Model 58 Stepping 9, GenuineIntel



---------------  S Y S T E M  ---------------

OS: Windows 8.1 , 64 bit Build 9600 (6.3.9600.17415)

CPU:total 4 (2 cores per cpu, 2 threads per core) family 6 model 58 stepping 9, cmov, cx8, fxsr, mmx, sse, sse2, sse3, ssse3, sse4.1, sse4.2, popcnt, avx, aes, clmul, erms, ht, tsc, tscinvbit, tscinv

Memory: 4k page, physical 4070680k(240256k free), swap 7216408k(5144k free)

vm_info: Java HotSpot(TM) 64-Bit Server VM (25.45-b02) for windows-amd64 JRE (1.8.0_45-b15), built on Apr 30 2015 12:40:44 by "java_re" with MS VC++ 10.0 (VS2010)

time: Wed Sep 16 00:44:30 2015
elapsed time: 4 seconds (0d 0h 0m 4s)

