#
# There is insufficient memory for the Java Runtime Environment to continue.
# Native memory allocation (malloc) failed to allocate 1423616 bytes for Chunk::new
# Possible reasons:
#   The system is out of physical RAM or swap space
#   In 32 bit mode, the process size limit was hit
# Possible solutions:
#   Reduce memory load on the system
#   Increase physical memory or swap space
#   Check if swap backing store is full
#   Use 64 bit Java on a 64 bit OS
#   Decrease Java heap size (-Xmx/-Xms)
#   Decrease number of Java threads
#   Decrease Java thread stack sizes (-Xss)
#   Set larger code cache with -XX:ReservedCodeCacheSize=
# This output file may be truncated or incomplete.
#
#  Out of Memory Error (allocation.cpp:390), pid=9544, tid=9260
#
# JRE version: Java(TM) SE Runtime Environment (8.0_45-b15) (build 1.8.0_45-b15)
# Java VM: Java HotSpot(TM) 64-Bit Server VM (25.45-b02 mixed mode windows-amd64 compressed oops)
# Failed to write core dump. Minidumps are not enabled by default on client versions of Windows
#

---------------  T H R E A D  ---------------

Current thread (0x00000000147da800):  JavaThread "C2 CompilerThread0" daemon [_thread_in_native, id=9260, stack(0x0000000015cf0000,0x0000000015df0000)]

Stack: [0x0000000015cf0000,0x0000000015df0000]
Native frames: (J=compiled Java code, j=interpreted, Vv=VM code, C=native code)
V  [jvm.dll+0x32b57a]
V  [jvm.dll+0x279873]
V  [jvm.dll+0x27a509]
V  [jvm.dll+0x271825]
V  [jvm.dll+0xcb9e2]
V  [jvm.dll+0xcbeac]
V  [jvm.dll+0x476ef2]
V  [jvm.dll+0x4b955f]
V  [jvm.dll+0x46b6b5]
V  [jvm.dll+0x46ccbe]
V  [jvm.dll+0x4500f2]
V  [jvm.dll+0xa4352]
V  [jvm.dll+0xa4c8f]
V  [jvm.dll+0x241984]
V  [jvm.dll+0x29853a]
C  [msvcr100.dll+0x21d9f]
C  [msvcr100.dll+0x21e3b]
C  [KERNEL32.DLL+0x13d2]
C  [ntdll.dll+0x15454]


Current CompileTask:
C2:  22731 2315       4       com.android.dx.dex.code.OutputFinisher::addConstants (93 bytes)


---------------  P R O C E S S  ---------------

Java Threads: ( => current thread )
  0x0000000015e6a000 JavaThread "Service Thread" daemon [_thread_blocked, id=9392, stack(0x00000000163f0000,0x00000000164f0000)]
  0x0000000015e49800 JavaThread "C1 CompilerThread2" daemon [_thread_blocked, id=4984, stack(0x00000000162f0000,0x00000000163f0000)]
  0x0000000015e3b800 JavaThread "C2 CompilerThread1" daemon [_thread_in_native, id=9696, stack(0x00000000161f0000,0x00000000162f0000)]
=>0x00000000147da800 JavaThread "C2 CompilerThread0" daemon [_thread_in_native, id=9260, stack(0x0000000015cf0000,0x0000000015df0000)]
  0x000000001478d000 JavaThread "Attach Listener" daemon [_thread_blocked, id=5716, stack(0x0000000015bf0000,0x0000000015cf0000)]
  0x000000001478b800 JavaThread "Signal Dispatcher" daemon [_thread_blocked, id=10232, stack(0x0000000015af0000,0x0000000015bf0000)]
  0x0000000002086800 JavaThread "Finalizer" daemon [_thread_blocked, id=9272, stack(0x00000000159f0000,0x0000000015af0000)]
  0x000000000207d800 JavaThread "Reference Handler" daemon [_thread_blocked, id=7440, stack(0x00000000158f0000,0x00000000159f0000)]
  0x0000000001f90800 JavaThread "main" [_thread_in_native, id=4452, stack(0x0000000001ba0000,0x0000000001ca0000)]

Other Threads:
  0x0000000014748000 VMThread [stack: 0x00000000157f0000,0x00000000158f0000] [id=7752]
  0x0000000015e73800 WatcherThread [stack: 0x00000000164f0000,0x00000000165f0000] [id=5448]

VM state:not at safepoint (normal execution)

VM Mutex/Monitor currently owned by a thread: None

Heap:
 PSYoungGen      total 143360K, used 55308K [0x00000000eab00000, 0x00000000fa380000, 0x0000000100000000)
  eden space 124928K, 33% used [0x00000000eab00000,0x00000000ed4132f8,0x00000000f2500000)
  from space 18432K, 71% used [0x00000000f2500000,0x00000000f31f0048,0x00000000f3700000)
  to   space 27136K, 0% used [0x00000000f8900000,0x00000000f8900000,0x00000000fa380000)
 ParOldGen       total 82432K, used 43999K [0x00000000c0000000, 0x00000000c5080000, 0x00000000eab00000)
  object space 82432K, 53% used [0x00000000c0000000,0x00000000c2af7df8,0x00000000c5080000)
 Metaspace       used 6286K, capacity 7280K, committed 7552K, reserved 1056768K
  class space    used 591K, capacity 616K, committed 640K, reserved 1048576K

Card table byte_map: [0x0000000011450000,0x0000000011660000] byte_map_base: 0x0000000010e50000

Marking Bits: (ParMarkBitMap*) 0x0000000063844040
 Begin Bits: [0x0000000011bc0000, 0x0000000012bc0000)
 End Bits:   [0x0000000012bc0000, 0x0000000013bc0000)

Polling page: 0x0000000001b50000

CodeCache: size=245760Kb used=12570Kb max_used=12570Kb free=233189Kb
 bounds [0x0000000002090000, 0x0000000002ce0000, 0x0000000011090000]
 total_blobs=2584 nmethods=2317 adapters=180
 compilation: enabled

Compilation events (10 events):
Event: 22.690 Thread 0x0000000015e49800 2395       2       com.android.dx.dex.file.AnnotationSetItem::place0 (8 bytes)
Event: 22.690 Thread 0x0000000015e49800 nmethod 2395 0x0000000002cddad0 code [0x0000000002cddc40, 0x0000000002cdddc8]
Event: 22.690 Thread 0x0000000015e49800 2396       2       com.android.dx.dex.file.AnnotationItem::sortByTypeIdIndex (8 bytes)
Event: 22.690 Thread 0x0000000015e49800 nmethod 2396 0x0000000002cdde90 code [0x0000000002cde000, 0x0000000002cde168]
Event: 22.690 Thread 0x0000000015e49800 2397       2       java.util.Arrays::sort (37 bytes)
Event: 22.691 Thread 0x0000000015e49800 nmethod 2397 0x0000000002cde210 code [0x0000000002cde380, 0x0000000002cde558]
Event: 22.691 Thread 0x0000000015e49800 2399       2       com.android.dx.dex.file.AnnotationItem$TypeIdSorter::compare (13 bytes)
Event: 22.691 Thread 0x0000000015e49800 nmethod 2399 0x0000000002cde690 code [0x0000000002cde820, 0x0000000002cdeb98]
Event: 22.691 Thread 0x0000000015e49800 2400       2       com.android.dx.dex.file.AnnotationItem$TypeIdSorter::compare (35 bytes)
Event: 22.692 Thread 0x0000000015e49800 nmethod 2400 0x0000000002cdeed0 code [0x0000000002cdf060, 0x0000000002cdf378]

GC Heap History (10 events):
Event: 6.884 GC heap before
{Heap before GC invocations=6 (full 0):
 PSYoungGen      total 35328K, used 35326K [0x00000000eab00000, 0x00000000efa00000, 0x0000000100000000)
  eden space 32768K, 100% used [0x00000000eab00000,0x00000000ecb00000,0x00000000ecb00000)
  from space 2560K, 99% used [0x00000000ecb00000,0x00000000ecd7f960,0x00000000ecd80000)
  to   space 7680K, 0% used [0x00000000ef280000,0x00000000ef280000,0x00000000efa00000)
 ParOldGen       total 44032K, used 15603K [0x00000000c0000000, 0x00000000c2b00000, 0x00000000eab00000)
  object space 44032K, 35% used [0x00000000c0000000,0x00000000c0f3cc80,0x00000000c2b00000)
 Metaspace       used 5947K, capacity 7088K, committed 7296K, reserved 1056768K
  class space    used 561K, capacity 616K, committed 640K, reserved 1048576K
Event: 6.920 GC heap after
Heap after GC invocations=6 (full 0):
 PSYoungGen      total 72192K, used 7673K [0x00000000eab00000, 0x00000000efc00000, 0x0000000100000000)
  eden space 64512K, 0% used [0x00000000eab00000,0x00000000eab00000,0x00000000eea00000)
  from space 7680K, 99% used [0x00000000ef280000,0x00000000ef9fe670,0x00000000efa00000)
  to   space 8704K, 0% used [0x00000000eea00000,0x00000000eea00000,0x00000000ef280000)
 ParOldGen       total 44032K, used 15878K [0x00000000c0000000, 0x00000000c2b00000, 0x00000000eab00000)
  object space 44032K, 36% used [0x00000000c0000000,0x00000000c0f81898,0x00000000c2b00000)
 Metaspace       used 5947K, capacity 7088K, committed 7296K, reserved 1056768K
  class space    used 561K, capacity 616K, committed 640K, reserved 1048576K
}
Event: 11.980 GC heap before
{Heap before GC invocations=7 (full 0):
 PSYoungGen      total 72192K, used 72185K [0x00000000eab00000, 0x00000000efc00000, 0x0000000100000000)
  eden space 64512K, 100% used [0x00000000eab00000,0x00000000eea00000,0x00000000eea00000)
  from space 7680K, 99% used [0x00000000ef280000,0x00000000ef9fe670,0x00000000efa00000)
  to   space 8704K, 0% used [0x00000000eea00000,0x00000000eea00000,0x00000000ef280000)
 ParOldGen       total 44032K, used 15878K [0x00000000c0000000, 0x00000000c2b00000, 0x00000000eab00000)
  object space 44032K, 36% used [0x00000000c0000000,0x00000000c0f81898,0x00000000c2b00000)
 Metaspace       used 5978K, capacity 7152K, committed 7296K, reserved 1056768K
  class space    used 561K, capacity 616K, committed 640K, reserved 1048576K
Event: 12.227 GC heap after
Heap after GC invocations=7 (full 0):
 PSYoungGen      total 73216K, used 8679K [0x00000000eab00000, 0x00000000f4500000, 0x0000000100000000)
  eden space 64512K, 0% used [0x00000000eab00000,0x00000000eab00000,0x00000000eea00000)
  from space 8704K, 99% used [0x00000000eea00000,0x00000000ef279ed0,0x00000000ef280000)
  to   space 14336K, 0% used [0x00000000f3700000,0x00000000f3700000,0x00000000f4500000)
 ParOldGen       total 44032K, used 24845K [0x00000000c0000000, 0x00000000c2b00000, 0x00000000eab00000)
  object space 44032K, 56% used [0x00000000c0000000,0x00000000c1843518,0x00000000c2b00000)
 Metaspace       used 5978K, capacity 7152K, committed 7296K, reserved 1056768K
  class space    used 561K, capacity 616K, committed 640K, reserved 1048576K
}
Event: 15.574 GC heap before
{Heap before GC invocations=8 (full 0):
 PSYoungGen      total 73216K, used 73191K [0x00000000eab00000, 0x00000000f4500000, 0x0000000100000000)
  eden space 64512K, 100% used [0x00000000eab00000,0x00000000eea00000,0x00000000eea00000)
  from space 8704K, 99% used [0x00000000eea00000,0x00000000ef279ed0,0x00000000ef280000)
  to   space 14336K, 0% used [0x00000000f3700000,0x00000000f3700000,0x00000000f4500000)
 ParOldGen       total 44032K, used 24845K [0x00000000c0000000, 0x00000000c2b00000, 0x00000000eab00000)
  object space 44032K, 56% used [0x00000000c0000000,0x00000000c1843518,0x00000000c2b00000)
 Metaspace       used 6106K, capacity 7152K, committed 7296K, reserved 1056768K
  class space    used 580K, capacity 616K, committed 640K, reserved 1048576K
Event: 15.648 GC heap after
Heap after GC invocations=8 (full 0):
 PSYoungGen      total 139264K, used 14304K [0x00000000eab00000, 0x00000000f4d00000, 0x0000000100000000)
  eden space 124928K, 0% used [0x00000000eab00000,0x00000000eab00000,0x00000000f2500000)
  from space 14336K, 99% used [0x00000000f3700000,0x00000000f44f8288,0x00000000f4500000)
  to   space 18432K, 0% used [0x00000000f2500000,0x00000000f2500000,0x00000000f3700000)
 ParOldGen       total 44032K, used 29242K [0x00000000c0000000, 0x00000000c2b00000, 0x00000000eab00000)
  object space 44032K, 66% used [0x00000000c0000000,0x00000000c1c8eac0,0x00000000c2b00000)
 Metaspace       used 6106K, capacity 7152K, committed 7296K, reserved 1056768K
  class space    used 580K, capacity 616K, committed 640K, reserved 1048576K
}
Event: 18.404 GC heap before
{Heap before GC invocations=9 (full 0):
 PSYoungGen      total 139264K, used 139232K [0x00000000eab00000, 0x00000000f4d00000, 0x0000000100000000)
  eden space 124928K, 100% used [0x00000000eab00000,0x00000000f2500000,0x00000000f2500000)
  from space 14336K, 99% used [0x00000000f3700000,0x00000000f44f8288,0x00000000f4500000)
  to   space 18432K, 0% used [0x00000000f2500000,0x00000000f2500000,0x00000000f3700000)
 ParOldGen       total 44032K, used 29242K [0x00000000c0000000, 0x00000000c2b00000, 0x00000000eab00000)
  object space 44032K, 66% used [0x00000000c0000000,0x00000000c1c8eac0,0x00000000c2b00000)
 Metaspace       used 6118K, capacity 7152K, committed 7296K, reserved 1056768K
  class space    used 580K, capacity 616K, committed 640K, reserved 1048576K
Event: 19.049 GC heap after
Heap after GC invocations=9 (full 0):
 PSYoungGen      total 143360K, used 18426K [0x00000000eab00000, 0x00000000fa380000, 0x0000000100000000)
  eden space 124928K, 0% used [0x00000000eab00000,0x00000000eab00000,0x00000000f2500000)
  from space 18432K, 99% used [0x00000000f2500000,0x00000000f36feb00,0x00000000f3700000)
  to   space 27136K, 0% used [0x00000000f8900000,0x00000000f8900000,0x00000000fa380000)
 ParOldGen       total 44032K, used 43619K [0x00000000c0000000, 0x00000000c2b00000, 0x00000000eab00000)
  object space 44032K, 99% used [0x00000000c0000000,0x00000000c2a98c40,0x00000000c2b00000)
 Metaspace       used 6118K, capacity 7152K, committed 7296K, reserved 1056768K
  class space    used 580K, capacity 616K, committed 640K, reserved 1048576K
}
Event: 19.049 GC heap before
{Heap before GC invocations=10 (full 1):
 PSYoungGen      total 143360K, used 18426K [0x00000000eab00000, 0x00000000fa380000, 0x0000000100000000)
  eden space 124928K, 0% used [0x00000000eab00000,0x00000000eab00000,0x00000000f2500000)
  from space 18432K, 99% used [0x00000000f2500000,0x00000000f36feb00,0x00000000f3700000)
  to   space 27136K, 0% used [0x00000000f8900000,0x00000000f8900000,0x00000000fa380000)
 ParOldGen       total 44032K, used 43619K [0x00000000c0000000, 0x00000000c2b00000, 0x00000000eab00000)
  object space 44032K, 99% used [0x00000000c0000000,0x00000000c2a98c40,0x00000000c2b00000)
 Metaspace       used 6118K, capacity 7152K, committed 7296K, reserved 1056768K
  class space    used 580K, capacity 616K, committed 640K, reserved 1048576K
Event: 21.563 GC heap after
Heap after GC invocations=10 (full 1):
 PSYoungGen      total 143360K, used 13248K [0x00000000eab00000, 0x00000000fa380000, 0x0000000100000000)
  eden space 124928K, 0% used [0x00000000eab00000,0x00000000eab00000,0x00000000f2500000)
  from space 18432K, 71% used [0x00000000f2500000,0x00000000f31f0048,0x00000000f3700000)
  to   space 27136K, 0% used [0x00000000f8900000,0x00000000f8900000,0x00000000fa380000)
 ParOldGen       total 82432K, used 43999K [0x00000000c0000000, 0x00000000c5080000, 0x00000000eab00000)
  object space 82432K, 53% used [0x00000000c0000000,0x00000000c2af7df8,0x00000000c5080000)
 Metaspace       used 6118K, capacity 7152K, committed 7296K, reserved 1056768K
  class space    used 580K, capacity 616K, committed 640K, reserved 1048576K
}

Deoptimization events (10 events):
Event: 21.791 Thread 0x0000000001f90800 Uncommon trap: reason=unstable_if action=reinterpret pc=0x0000000002c08260 method=com.android.dx.ssa.LiteralOpUpgrader$1.visitNonMoveInsn(Lcom/android/dx/ssa/NormalSsaInsn;)V @ 176
Event: 21.826 Thread 0x0000000001f90800 Uncommon trap: reason=unstable_if action=reinterpret pc=0x00000000025ca29c method=com.android.dx.ssa.SCCP.simulateBranch(Lcom/android/dx/ssa/SsaInsn;)V @ 548
Event: 21.826 Thread 0x0000000001f90800 Uncommon trap: reason=unstable_if action=reinterpret pc=0x0000000002b401c4 method=com.android.dx.ssa.SCCP.simulateStmt(Lcom/android/dx/ssa/SsaInsn;)V @ 435
Event: 21.827 Thread 0x0000000001f90800 Uncommon trap: reason=unstable_if action=reinterpret pc=0x00000000029750e4 method=com.android.dx.ssa.SCCP.replaceBranches()V @ 14
Event: 21.859 Thread 0x0000000001f90800 Uncommon trap: reason=bimorphic action=maybe_recompile pc=0x00000000026bdbf0 method=com.android.dx.rop.code.RegisterSpec.withSimpleType()Lcom/android/dx/rop/code/RegisterSpec; @ 21
Event: 22.059 Thread 0x0000000001f90800 Uncommon trap: reason=class_check action=maybe_recompile pc=0x000000000258ccc8 method=java.util.Arrays.hashCode([Ljava/lang/Object;)I @ 43
Event: 22.059 Thread 0x0000000001f90800 Uncommon trap: reason=class_check action=maybe_recompile pc=0x000000000258ccc8 method=java.util.Arrays.hashCode([Ljava/lang/Object;)I @ 43
Event: 22.060 Thread 0x0000000001f90800 Uncommon trap: reason=class_check action=maybe_recompile pc=0x000000000258ccc8 method=java.util.Arrays.hashCode([Ljava/lang/Object;)I @ 43
Event: 22.060 Thread 0x0000000001f90800 Uncommon trap: reason=class_check action=maybe_recompile pc=0x000000000258ccc8 method=java.util.Arrays.hashCode([Ljava/lang/Object;)I @ 43
Event: 22.060 Thread 0x0000000001f90800 Uncommon trap: reason=class_check action=maybe_recompile pc=0x00000000025943e8 method=java.util.Arrays.hashCode([Ljava/lang/Object;)I @ 43

Internal exceptions (8 events):
Event: 0.052 Thread 0x0000000001f90800 Exception <a 'java/lang/NoSuchMethodError': Method sun.misc.Unsafe.defineClass(Ljava/lang/String;[BII)Ljava/lang/Class; name or signature does not match> (0x00000000eab12f10) thrown at [C:\re\workspace\8-2-build-windows-amd64-cygwin\jdk8u45\3627\hotspot\srÕ Ø•¹ª?
Event: 0.052 Thread 0x0000000001f90800 Exception <a 'java/lang/NoSuchMethodError': Method sun.misc.Unsafe.prefetchRead(Ljava/lang/Object;J)V name or signature does not match> (0x00000000eab131a0) thrown at [C:\re\workspace\8-2-build-windows-amd64-cygwin\jdk8u45\3627\hotspot\src\share\vm\prims\jÄ¹&›)@
Event: 2.645 Thread 0x0000000001f90800 Implicit null exception at 0x00000000024cf5e2 to 0x00000000024cf6d2
Event: 5.744 Thread 0x0000000001f90800 Implicit null exception at 0x000000000266515c to 0x0000000002667425
Event: 8.896 Thread 0x0000000001f90800 Implicit null exception at 0x00000000026399f4 to 0x000000000263b099
Event: 14.524 Thread 0x0000000001f90800 Exception <a 'java/lang/ArrayIndexOutOfBoundsException': 18> (0x00000000ed3ba7e0) thrown at [C:\re\workspace\8-2-build-windows-amd64-cygwin\jdk8u45\3627\hotspot\src\share\vm\interpreter\interpreterRuntime.cpp, line 366]
Event: 14.658 Thread 0x0000000001f90800 Exception <a 'java/lang/ArrayIndexOutOfBoundsException'> (0x00000000ed3bc2b0) thrown at [C:\re\workspace\8-2-build-windows-amd64-cygwin\jdk8u45\3627\hotspot\src\share\vm\runtime\sharedRuntime.cpp, line 605]
Event: 14.661 Thread 0x0000000001f90800 Exception <a 'java/lang/ArrayIndexOutOfBoundsException'> (0x00000000ed3bd4e8) thrown at [C:\re\workspace\8-2-build-windows-amd64-cygwin\jdk8u45\3627\hotspot\src\share\vm\runtime\sharedRuntime.cpp, line 605]

Events (10 events):
Event: 22.683 loading class com/android/dx/dex/file/MixedItemSection$2
Event: 22.683 loading class com/android/dx/dex/file/MixedItemSection$2 done
Event: 22.690 loading class com/android/dx/dex/file/CodeItem$1
Event: 22.690 loading class com/android/dx/dex/file/CodeItem$1 done
Event: 22.690 loading class com/android/dx/dex/code/DalvInsnList
Event: 22.690 loading class com/android/dx/dex/code/DalvInsnList done
Event: 22.691 loading class com/android/dx/dex/code/PositionList
Event: 22.691 loading class com/android/dx/dex/code/PositionList done
Event: 22.692 loading class com/android/dx/dex/code/PositionList$Entry
Event: 22.692 loading class com/android/dx/dex/code/PositionList$Entry done


Dynamic libraries:
0x00007ff729d00000 - 0x00007ff729d37000 	C:\Program Files\Java\jdk1.8.0_45\bin\java.exe
0x00007ffbb5bf0000 - 0x00007ffbb5d9c000 	C:\WINDOWS\SYSTEM32\ntdll.dll
0x00007ffbb5a40000 - 0x00007ffbb5b7e000 	C:\WINDOWS\system32\KERNEL32.DLL
0x00007ffbb3000000 - 0x00007ffbb3115000 	C:\WINDOWS\system32\KERNELBASE.dll
0x00007ffbb16d0000 - 0x00007ffbb175e000 	C:\WINDOWS\system32\apphelp.dll
0x00007ffba47b0000 - 0x00007ffba4803000 	C:\WINDOWS\AppPatch\AppPatch64\AcGenral.DLL
0x00007ffbb3a10000 - 0x00007ffbb3aba000 	C:\WINDOWS\system32\msvcrt.dll
0x00007ffbb2b80000 - 0x00007ffbb2bae000 	C:\WINDOWS\SYSTEM32\SspiCli.dll
0x00007ffbb3490000 - 0x00007ffbb34e4000 	C:\WINDOWS\system32\SHLWAPI.dll
0x00007ffbb5440000 - 0x00007ffbb55b7000 	C:\WINDOWS\system32\USER32.dll
0x00007ffbb55c0000 - 0x00007ffbb5754000 	C:\WINDOWS\system32\ole32.dll
0x00007ffbb3b00000 - 0x00007ffbb5019000 	C:\WINDOWS\system32\SHELL32.dll
0x00007ffbb2350000 - 0x00007ffbb2371000 	C:\WINDOWS\SYSTEM32\USERENV.dll
0x00007ffbb5760000 - 0x00007ffbb580a000 	C:\WINDOWS\system32\ADVAPI32.dll
0x00007ffbaa550000 - 0x00007ffbaa56e000 	C:\WINDOWS\SYSTEM32\MPR.dll
0x00007ffbb3750000 - 0x00007ffbb3891000 	C:\WINDOWS\system32\RPCRT4.dll
0x00007ffbb3500000 - 0x00007ffbb3559000 	C:\WINDOWS\SYSTEM32\sechost.dll
0x00007ffbb5810000 - 0x00007ffbb5a21000 	C:\WINDOWS\SYSTEM32\combase.dll
0x00007ffbb5160000 - 0x00007ffbb52af000 	C:\WINDOWS\system32\GDI32.dll
0x00007ffbb2d50000 - 0x00007ffbb2d65000 	C:\WINDOWS\SYSTEM32\profapi.dll
0x00007ffbb0c00000 - 0x00007ffbb0cb2000 	C:\WINDOWS\SYSTEM32\SHCORE.dll
0x00007ffbb3ac0000 - 0x00007ffbb3af6000 	C:\WINDOWS\system32\IMM32.DLL
0x00007ffbb38a0000 - 0x00007ffbb39f2000 	C:\WINDOWS\system32\MSCTF.dll
0x00007ffbaf6c0000 - 0x00007ffbaf93a000 	C:\WINDOWS\WinSxS\amd64_microsoft.windows.common-controls_6595b64144ccf1df_6.0.9600.17810_none_6240b9c7ecbd0bda\COMCTL32.dll
0x0000000062bc0000 - 0x0000000062c92000 	C:\Program Files\Java\jdk1.8.0_45\jre\bin\msvcr100.dll
0x0000000063040000 - 0x00000000638c3000 	C:\Program Files\Java\jdk1.8.0_45\jre\bin\server\jvm.dll
0x00007ffbaa420000 - 0x00007ffbaa429000 	C:\WINDOWS\SYSTEM32\WSOCK32.dll
0x00007ffbadea0000 - 0x00007ffbadec2000 	C:\WINDOWS\SYSTEM32\WINMM.dll
0x00007ffbaa430000 - 0x00007ffbaa43a000 	C:\WINDOWS\SYSTEM32\VERSION.dll
0x00007ffbb3740000 - 0x00007ffbb3747000 	C:\WINDOWS\system32\PSAPI.DLL
0x00007ffbb5020000 - 0x00007ffbb507a000 	C:\WINDOWS\system32\WS2_32.dll
0x00007ffbade10000 - 0x00007ffbade3a000 	C:\WINDOWS\SYSTEM32\WINMMBASE.dll
0x00007ffbb3a00000 - 0x00007ffbb3a09000 	C:\WINDOWS\system32\NSI.dll
0x00007ffbb31d0000 - 0x00007ffbb321f000 	C:\WINDOWS\SYSTEM32\cfgmgr32.dll
0x00007ffbb1b40000 - 0x00007ffbb1b68000 	C:\WINDOWS\SYSTEM32\DEVOBJ.dll
0x0000000063030000 - 0x000000006303f000 	C:\Program Files\Java\jdk1.8.0_45\jre\bin\verify.dll
0x0000000063000000 - 0x0000000063029000 	C:\Program Files\Java\jdk1.8.0_45\jre\bin\java.dll
0x0000000062fe0000 - 0x0000000062ff6000 	C:\Program Files\Java\jdk1.8.0_45\jre\bin\zip.dll
0x00007ffb8ff20000 - 0x00007ffb900a9000 	C:\WINDOWS\SYSTEM32\dbghelp.dll

VM Arguments:
jvm_args: -Xmx1024M -Dfile.encoding=x-windows-949 -Duser.country=KR -Duser.language=ko -Duser.variant 
java_command: com.android.dx.command.Main --dex --output C:\Users\man\Desktop\windmill\Windmill3_new_ver9\app\build\intermediates\pre-dexed\release\classes-052116287da1841531b04ae497de8d57a669b08a.jar C:\Users\man\Desktop\windmill\Windmill3_new_ver9\app\build\intermediates\exploded-aar\com.android.support\support-v4\22.2.1\jars\classes.jar
java_class_path (initial): C:\Users\man\AppData\Local\Android\sdk1\build-tools\22.0.1\lib\dx.jar
Launcher Type: SUN_STANDARD

Environment Variables:
PATH=C:\ProgramData\Oracle\Java\javapath;C:\Program Files (x86)\Intel\iCLS Client\;C:\Program Files\Intel\iCLS Client\;C:\WINDOWS\system32;C:\WINDOWS;C:\WINDOWS\System32\Wbem;C:\WINDOWS\System32\WindowsPowerShell\v1.0\;C:\Program Files (x86)\Intel\OpenCL SDK\2.0\bin\x86;C:\Program Files (x86)\Intel\OpenCL SDK\2.0\bin\x64;C:\Program Files\Intel\Intel(R) Management Engine Components\DAL;C:\Program Files\Intel\Intel(R) Management Engine Components\IPT;C:\Program Files (x86)\Intel\Intel(R) Management Engine Components\DAL;C:\Program Files (x86)\Intel\Intel(R) Management Engine Components\IPT;C:\Program Files (x86)\Common Files\Sony Shared\FeliCaLibrary;C:\Program Files\Common Files\Sony Shared\FeliCaLibrary;C:\Program Files (x86)\Common Files\Sony Shared\FeliCaNFCLibrary;C:\Program Files\Common Files\Sony Shared\FeliCaNFCLibrary;C:\Program Files\Intel\WiFi\bin\;C:\Program Files\Common Files\Intel\WirelessCommon\;C:\Program Files\Sony\VAIO Improvement\;C:\Program Files (x86)\Sony\VAIO Startup Setting Tool;C:\Program Files\Bandizip\7z
USERNAME=man
OS=Windows_NT
PROCESSOR_IDENTIFIER=Intel64 Family 6 Model 58 Stepping 9, GenuineIntel



---------------  S Y S T E M  ---------------

OS: Windows 8.1 , 64 bit Build 9600 (6.3.9600.17415)

CPU:total 4 (2 cores per cpu, 2 threads per core) family 6 model 58 stepping 9, cmov, cx8, fxsr, mmx, sse, sse2, sse3, ssse3, sse4.1, sse4.2, popcnt, avx, aes, clmul, erms, ht, tsc, tscinvbit, tscinv

Memory: 4k page, physical 4070680k(300776k free), swap 7216408k(5124k free)

vm_info: Java HotSpot(TM) 64-Bit Server VM (25.45-b02) for windows-amd64 JRE (1.8.0_45-b15), built on Apr 30 2015 12:40:44 by "java_re" with MS VC++ 10.0 (VS2010)

time: Wed Sep 16 00:44:32 2015
elapsed time: 22 seconds (0d 0h 0m 22s)

