#
# There is insufficient memory for the Java Runtime Environment to continue.
# Native memory allocation (malloc) failed to allocate 276336 bytes for Chunk::new
# Possible reasons:
#   The system is out of physical RAM or swap space
#   In 32 bit mode, the process size limit was hit
# Possible solutions:
#   Reduce memory load on the system
#   Increase physical memory or swap space
#   Check if swap backing store is full
#   Use 64 bit Java on a 64 bit OS
#   Decrease Java heap size (-Xmx/-Xms)
#   Decrease number of Java threads
#   Decrease Java thread stack sizes (-Xss)
#   Set larger code cache with -XX:ReservedCodeCacheSize=
# This output file may be truncated or incomplete.
#
#  Out of Memory Error (allocation.cpp:390), pid=5356, tid=5088
#
# JRE version: Java(TM) SE Runtime Environment (8.0_45-b15) (build 1.8.0_45-b15)
# Java VM: Java HotSpot(TM) 64-Bit Server VM (25.45-b02 mixed mode windows-amd64 compressed oops)
# Failed to write core dump. Minidumps are not enabled by default on client versions of Windows
#

---------------  T H R E A D  ---------------

Current thread (0x000000001539c000):  JavaThread "C2 CompilerThread0" daemon [_thread_in_native, id=5088, stack(0x00000000168b0000,0x00000000169b0000)]

Stack: [0x00000000168b0000,0x00000000169b0000]
Native frames: (J=compiled Java code, j=interpreted, Vv=VM code, C=native code)
V  [jvm.dll+0x32b57a]


Current CompileTask:
C2:   4919 1132   !   4       com.android.dx.cf.code.BytecodeArray::parseInstruction (2764 bytes)


---------------  P R O C E S S  ---------------

Java Threads: ( => current thread )
  0x0000000016a11000 JavaThread "Service Thread" daemon [_thread_blocked, id=9184, stack(0x0000000016fb0000,0x00000000170b0000)]
  0x0000000016a0b800 JavaThread "C1 CompilerThread2" daemon [_thread_blocked, id=4172, stack(0x0000000016eb0000,0x0000000016fb0000)]
  0x0000000016a05800 JavaThread "C2 CompilerThread1" daemon [_thread_blocked, id=9600, stack(0x0000000016db0000,0x0000000016eb0000)]
=>0x000000001539c000 JavaThread "C2 CompilerThread0" daemon [_thread_in_native, id=5088, stack(0x00000000168b0000,0x00000000169b0000)]
  0x000000001534e000 JavaThread "Attach Listener" daemon [_thread_blocked, id=5984, stack(0x00000000167b0000,0x00000000168b0000)]
  0x0000000015399000 JavaThread "Signal Dispatcher" daemon [_thread_blocked, id=6264, stack(0x00000000166b0000,0x00000000167b0000)]
  0x0000000002c46800 JavaThread "Finalizer" daemon [_thread_blocked, id=9916, stack(0x00000000165a0000,0x00000000166a0000)]
  0x0000000002c3d800 JavaThread "Reference Handler" daemon [_thread_blocked, id=6992, stack(0x00000000164a0000,0x00000000165a0000)]
  0x0000000002b50800 JavaThread "main" [_thread_in_Java, id=9724, stack(0x0000000002760000,0x0000000002860000)]

Other Threads:
  0x0000000015308000 VMThread [stack: 0x00000000163a0000,0x00000000164a0000] [id=4992]
  0x0000000016a22800 WatcherThread [stack: 0x00000000170b0000,0x00000000171b0000] [id=8212]

VM state:not at safepoint (normal execution)

VM Mutex/Monitor currently owned by a thread: None

Heap:
 PSYoungGen      total 18944K, used 8294K [0x00000000eab00000, 0x00000000ec000000, 0x0000000100000000)
  eden space 16384K, 35% used [0x00000000eab00000,0x00000000eb09a558,0x00000000ebb00000)
  from space 2560K, 99% used [0x00000000ebb00000,0x00000000ebd7f458,0x00000000ebd80000)
  to   space 2560K, 0% used [0x00000000ebd80000,0x00000000ebd80000,0x00000000ec000000)
 ParOldGen       total 44032K, used 1722K [0x00000000c0000000, 0x00000000c2b00000, 0x00000000eab00000)
  object space 44032K, 3% used [0x00000000c0000000,0x00000000c01ae8a8,0x00000000c2b00000)
 Metaspace       used 5600K, capacity 6832K, committed 7040K, reserved 1056768K
  class space    used 551K, capacity 616K, committed 640K, reserved 1048576K

Card table byte_map: [0x0000000012010000,0x0000000012220000] byte_map_base: 0x0000000011a10000

Marking Bits: (ParMarkBitMap*) 0x0000000063844040
 Begin Bits: [0x0000000012780000, 0x0000000013780000)
 End Bits:   [0x0000000013780000, 0x0000000014780000)

Polling page: 0x0000000001000000

CodeCache: size=245760Kb used=4646Kb max_used=4646Kb free=241113Kb
 bounds [0x0000000002c50000, 0x00000000030e0000, 0x0000000011c50000]
 total_blobs=1401 nmethods=1134 adapters=180
 compilation: enabled

Compilation events (10 events):
Event: 4.738 Thread 0x0000000016a0b800 nmethod 1130 0x00000000030d2f50 code [0x00000000030d30c0, 0x00000000030d3308]
Event: 4.739 Thread 0x0000000016a0b800 1131       3       com.android.dx.util.MutabilityControl::<init> (10 bytes)
Event: 4.739 Thread 0x0000000016a0b800 nmethod 1131 0x00000000030d2b90 code [0x00000000030d2ce0, 0x00000000030d2e90]
Event: 4.743 Thread 0x000000001539c000 1132   !   4       com.android.dx.cf.code.BytecodeArray::parseInstruction (2764 bytes)
Event: 4.743 Thread 0x0000000016a0b800 1133       3       com.android.dx.cf.code.BasicBlocker::visitBranch (98 bytes)
Event: 4.745 Thread 0x0000000016a0b800 nmethod 1133 0x00000000030da6d0 code [0x00000000030da9c0, 0x00000000030dbf58]
Event: 4.747 Thread 0x0000000016a0b800 1134       3       com.android.dx.rop.cst.TypedConstant::getFrameType (2 bytes)
Event: 4.747 Thread 0x0000000016a0b800 nmethod 1134 0x00000000030d2850 code [0x00000000030d29a0, 0x00000000030d2af0]
Event: 4.748 Thread 0x0000000016a0b800 1135       3       com.android.dx.cf.code.Simulator$SimVisitor::visitBranch (341 bytes)
Event: 4.749 Thread 0x0000000016a0b800 nmethod 1135 0x00000000030d0bd0 code [0x00000000030d0e60, 0x00000000030d1f48]

GC Heap History (2 events):
Event: 3.809 GC heap before
{Heap before GC invocations=1 (full 0):
 PSYoungGen      total 18944K, used 16384K [0x00000000eab00000, 0x00000000ec000000, 0x0000000100000000)
  eden space 16384K, 100% used [0x00000000eab00000,0x00000000ebb00000,0x00000000ebb00000)
  from space 2560K, 0% used [0x00000000ebd80000,0x00000000ebd80000,0x00000000ec000000)
  to   space 2560K, 0% used [0x00000000ebb00000,0x00000000ebb00000,0x00000000ebd80000)
 ParOldGen       total 44032K, used 0K [0x00000000c0000000, 0x00000000c2b00000, 0x00000000eab00000)
  object space 44032K, 0% used [0x00000000c0000000,0x00000000c0000000,0x00000000c2b00000)
 Metaspace       used 5553K, capacity 6768K, committed 7040K, reserved 1056768K
  class space    used 551K, capacity 616K, committed 640K, reserved 1048576K
Event: 4.036 GC heap after
Heap after GC invocations=1 (full 0):
 PSYoungGen      total 18944K, used 2557K [0x00000000eab00000, 0x00000000ec000000, 0x0000000100000000)
  eden space 16384K, 0% used [0x00000000eab00000,0x00000000eab00000,0x00000000ebb00000)
  from space 2560K, 99% used [0x00000000ebb00000,0x00000000ebd7f458,0x00000000ebd80000)
  to   space 2560K, 0% used [0x00000000ebd80000,0x00000000ebd80000,0x00000000ec000000)
 ParOldGen       total 44032K, used 1722K [0x00000000c0000000, 0x00000000c2b00000, 0x00000000eab00000)
  object space 44032K, 3% used [0x00000000c0000000,0x00000000c01ae8a8,0x00000000c2b00000)
 Metaspace       used 5553K, capacity 6768K, committed 7040K, reserved 1056768K
  class space    used 551K, capacity 616K, committed 640K, reserved 1048576K
}

Deoptimization events (5 events):
Event: 2.329 Thread 0x0000000002b50800 Uncommon trap: reason=class_check action=maybe_recompile pc=0x0000000002ef36b0 method=com.android.dx.ssa.NormalSsaInsn.accept(Lcom/android/dx/ssa/SsaInsn$Visitor;)V @ 9
Event: 2.408 Thread 0x0000000002b50800 Uncommon trap: reason=class_check action=maybe_recompile pc=0x0000000002ef36b0 method=com.android.dx.ssa.NormalSsaInsn.accept(Lcom/android/dx/ssa/SsaInsn$Visitor;)V @ 9
Event: 3.088 Thread 0x0000000002b50800 Uncommon trap: reason=null_check action=make_not_entrant pc=0x0000000002fbfda0 method=com.android.dx.ssa.SsaRenamer.getLocalForNewReg(I)Lcom/android/dx/rop/code/LocalItem; @ 19
Event: 3.694 Thread 0x0000000002b50800 Uncommon trap: reason=bimorphic action=maybe_recompile pc=0x0000000002f425c4 method=java.util.HashMap.getNode(ILjava/lang/Object;)Ljava/util/HashMap$Node; @ 126
Event: 3.694 Thread 0x0000000002b50800 Uncommon trap: reason=unstable_if action=reinterpret pc=0x0000000002fa469c method=com.android.dx.rop.cst.Constant.compareTo(Lcom/android/dx/rop/cst/Constant;)I @ 12

Internal exceptions (3 events):
Event: 0.154 Thread 0x0000000002b50800 Exception <a 'java/lang/NoSuchMethodError': Method sun.misc.Unsafe.defineClass(Ljava/lang/String;[BII)Ljava/lang/Class; name or signature does not match> (0x00000000eab12f10) thrown at [C:\re\workspace\8-2-build-windows-amd64-cygwin\jdk8u45\3627\hotspot\srß>~›#ºÃ?
Event: 0.154 Thread 0x0000000002b50800 Exception <a 'java/lang/NoSuchMethodError': Method sun.misc.Unsafe.prefetchRead(Ljava/lang/Object;J)V name or signature does not match> (0x00000000eab131a0) thrown at [C:\re\workspace\8-2-build-windows-amd64-cygwin\jdk8u45\3627\hotspot\src\share\vm\prims\jVQú­z´@
Event: 3.088 Thread 0x0000000002b50800 Implicit null exception at 0x0000000002fbd9ce to 0x0000000002fbfd55

Events (10 events):
Event: 3.694 Thread 0x0000000002b50800 DEOPT UNPACKING pc=0x0000000002c9582a sp=0x000000000285e518 mode 2
Event: 3.694 Thread 0x0000000002b50800 Uncommon trap: trap_request=0xffffff65 fr.pc=0x0000000002fa469c
Event: 3.694 Thread 0x0000000002b50800 DEOPT PACKING pc=0x0000000002fa469c sp=0x000000000285e2d0
Event: 3.694 Thread 0x0000000002b50800 DEOPT UNPACKING pc=0x0000000002c9582a sp=0x000000000285e270 mode 2
Event: 3.809 Executing VM operation: ParallelGCFailedAllocation
Event: 4.036 Executing VM operation: ParallelGCFailedAllocation done
Event: 4.396 Thread 0x0000000002b50800 DEOPT PACKING pc=0x0000000002eae8d7 sp=0x000000000285e4f0
Event: 4.396 Thread 0x0000000002b50800 DEOPT UNPACKING pc=0x0000000002c9787f sp=0x000000000285e2d0 mode 0
Event: 4.470 Executing VM operation: EnableBiasedLocking
Event: 4.481 Executing VM operation: EnableBiasedLocking done


Dynamic libraries:
0x00007ff729d00000 - 0x00007ff729d37000 	C:\Program Files\Java\jdk1.8.0_45\bin\java.exe
0x00007ffbb5bf0000 - 0x00007ffbb5d9c000 	C:\WINDOWS\SYSTEM32\ntdll.dll
0x00007ffbb5a40000 - 0x00007ffbb5b7e000 	C:\WINDOWS\system32\KERNEL32.DLL
0x00007ffbb3000000 - 0x00007ffbb3115000 	C:\WINDOWS\system32\KERNELBASE.dll
0x00007ffbb16d0000 - 0x00007ffbb175e000 	C:\WINDOWS\system32\apphelp.dll
0x00007ffba47b0000 - 0x00007ffba4803000 	C:\WINDOWS\AppPatch\AppPatch64\AcGenral.DLL
0x00007ffbb3a10000 - 0x00007ffbb3aba000 	C:\WINDOWS\system32\msvcrt.dll
0x00007ffbb2b80000 - 0x00007ffbb2bae000 	C:\WINDOWS\SYSTEM32\SspiCli.dll
0x00007ffbb3490000 - 0x00007ffbb34e4000 	C:\WINDOWS\system32\SHLWAPI.dll
0x00007ffbb5440000 - 0x00007ffbb55b7000 	C:\WINDOWS\system32\USER32.dll
0x00007ffbb55c0000 - 0x00007ffbb5754000 	C:\WINDOWS\system32\ole32.dll
0x00007ffbb3b00000 - 0x00007ffbb5019000 	C:\WINDOWS\system32\SHELL32.dll
0x00007ffbb2350000 - 0x00007ffbb2371000 	C:\WINDOWS\SYSTEM32\USERENV.dll
0x00007ffbb5760000 - 0x00007ffbb580a000 	C:\WINDOWS\system32\ADVAPI32.dll
0x00007ffbaa550000 - 0x00007ffbaa56e000 	C:\WINDOWS\SYSTEM32\MPR.dll
0x00007ffbb3750000 - 0x00007ffbb3891000 	C:\WINDOWS\system32\RPCRT4.dll
0x00007ffbb3500000 - 0x00007ffbb3559000 	C:\WINDOWS\SYSTEM32\sechost.dll
0x00007ffbb5810000 - 0x00007ffbb5a21000 	C:\WINDOWS\SYSTEM32\combase.dll
0x00007ffbb5160000 - 0x00007ffbb52af000 	C:\WINDOWS\system32\GDI32.dll
0x00007ffbb2d50000 - 0x00007ffbb2d65000 	C:\WINDOWS\SYSTEM32\profapi.dll
0x00007ffbb0c00000 - 0x00007ffbb0cb2000 	C:\WINDOWS\SYSTEM32\SHCORE.dll
0x00007ffbb3ac0000 - 0x00007ffbb3af6000 	C:\WINDOWS\system32\IMM32.DLL
0x00007ffbb38a0000 - 0x00007ffbb39f2000 	C:\WINDOWS\system32\MSCTF.dll
0x00007ffbaf6c0000 - 0x00007ffbaf93a000 	C:\WINDOWS\WinSxS\amd64_microsoft.windows.common-controls_6595b64144ccf1df_6.0.9600.17810_none_6240b9c7ecbd0bda\COMCTL32.dll
0x0000000062bc0000 - 0x0000000062c92000 	C:\Program Files\Java\jdk1.8.0_45\jre\bin\msvcr100.dll
0x0000000063040000 - 0x00000000638c3000 	C:\Program Files\Java\jdk1.8.0_45\jre\bin\server\jvm.dll
0x00007ffbaa420000 - 0x00007ffbaa429000 	C:\WINDOWS\SYSTEM32\WSOCK32.dll
0x00007ffbadea0000 - 0x00007ffbadec2000 	C:\WINDOWS\SYSTEM32\WINMM.dll
0x00007ffbaa430000 - 0x00007ffbaa43a000 	C:\WINDOWS\SYSTEM32\VERSION.dll
0x00007ffbb3740000 - 0x00007ffbb3747000 	C:\WINDOWS\system32\PSAPI.DLL
0x00007ffbb5020000 - 0x00007ffbb507a000 	C:\WINDOWS\system32\WS2_32.dll
0x00007ffbade10000 - 0x00007ffbade3a000 	C:\WINDOWS\SYSTEM32\WINMMBASE.dll
0x00007ffbb3a00000 - 0x00007ffbb3a09000 	C:\WINDOWS\system32\NSI.dll
0x00007ffbb31d0000 - 0x00007ffbb321f000 	C:\WINDOWS\SYSTEM32\cfgmgr32.dll
0x00007ffbb1b40000 - 0x00007ffbb1b68000 	C:\WINDOWS\SYSTEM32\DEVOBJ.dll
0x0000000063030000 - 0x000000006303f000 	C:\Program Files\Java\jdk1.8.0_45\jre\bin\verify.dll
0x0000000063000000 - 0x0000000063029000 	C:\Program Files\Java\jdk1.8.0_45\jre\bin\java.dll
0x0000000062fe0000 - 0x0000000062ff6000 	C:\Program Files\Java\jdk1.8.0_45\jre\bin\zip.dll

VM Arguments:
jvm_args: -Xmx1024M -Dfile.encoding=x-windows-949 -Duser.country=KR -Duser.language=ko -Duser.variant 
java_command: com.android.dx.command.Main --dex --output C:\Users\man\Desktop\windmill\Windmill3_new_ver9\app\build\intermediates\pre-dexed\release\library-2.4.0-43bfc0c42dea88640431789bb5d6cdb6006b9c84.jar C:\Users\man\.gradle\caches\modules-2\files-2.1\com.nineoldandroids\library\2.4.0\e9b63380f3a242dbdbf103a2355ad7e43bad17cb\library-2.4.0.jar
java_class_path (initial): C:\Users\man\AppData\Local\Android\sdk1\build-tools\22.0.1\lib\dx.jar
Launcher Type: SUN_STANDARD

Environment Variables:
PATH=C:\ProgramData\Oracle\Java\javapath;C:\Program Files (x86)\Intel\iCLS Client\;C:\Program Files\Intel\iCLS Client\;C:\WINDOWS\system32;C:\WINDOWS;C:\WINDOWS\System32\Wbem;C:\WINDOWS\System32\WindowsPowerShell\v1.0\;C:\Program Files (x86)\Intel\OpenCL SDK\2.0\bin\x86;C:\Program Files (x86)\Intel\OpenCL SDK\2.0\bin\x64;C:\Program Files\Intel\Intel(R) Management Engine Components\DAL;C:\Program Files\Intel\Intel(R) Management Engine Components\IPT;C:\Program Files (x86)\Intel\Intel(R) Management Engine Components\DAL;C:\Program Files (x86)\Intel\Intel(R) Management Engine Components\IPT;C:\Program Files (x86)\Common Files\Sony Shared\FeliCaLibrary;C:\Program Files\Common Files\Sony Shared\FeliCaLibrary;C:\Program Files (x86)\Common Files\Sony Shared\FeliCaNFCLibrary;C:\Program Files\Common Files\Sony Shared\FeliCaNFCLibrary;C:\Program Files\Intel\WiFi\bin\;C:\Program Files\Common Files\Intel\WirelessCommon\;C:\Program Files\Sony\VAIO Improvement\;C:\Program Files (x86)\Sony\VAIO Startup Setting Tool;C:\Program Files\Bandizip\7z
USERNAME=man
OS=Windows_NT
PROCESSOR_IDENTIFIER=Intel64 Family 6 Model 58 Stepping 9, GenuineIntel



---------------  S Y S T E M  ---------------

OS: Windows 8.1 , 64 bit Build 9600 (6.3.9600.17415)

CPU:total 4 (2 cores per cpu, 2 threads per core) family 6 model 58 stepping 9, cmov, cx8, fxsr, mmx, sse, sse2, sse3, ssse3, sse4.1, sse4.2, popcnt, avx, aes, clmul, erms, ht, tsc, tscinvbit, tscinv

Memory: 4k page, physical 4070680k(242616k free), swap 7216408k(5244k free)

vm_info: Java HotSpot(TM) 64-Bit Server VM (25.45-b02) for windows-amd64 JRE (1.8.0_45-b15), built on Apr 30 2015 12:40:44 by "java_re" with MS VC++ 10.0 (VS2010)

time: Wed Sep 16 00:44:30 2015
elapsed time: 4 seconds (0d 0h 0m 4s)

